0 info it worked if it ends with ok
1 verbose cli [ '/usr/bin/node', '/usr/bin/npm', 'install' ]
2 info using npm@3.5.2
3 info using node@v8.10.0
4 silly loadCurrentTree Starting
5 silly install loadCurrentTree
6 silly install readLocalPackageData
7 silly install normalizeTree
8 silly loadCurrentTree Finishing
9 silly loadIdealTree Starting
10 silly install loadIdealTree
11 silly cloneCurrentTree Starting
12 silly install cloneCurrentTreeToIdealTree
13 silly cloneCurrentTree Finishing
14 silly loadShrinkwrap Starting
15 silly install loadShrinkwrap
16 silly loadShrinkwrap Finishing
17 silly loadAllDepsIntoIdealTree Starting
18 silly install loadAllDepsIntoIdealTree
19 silly loadAllDepsIntoIdealTree Finishing
20 silly idealTree:prePrune portfolio@1.0.2
20 silly idealTree:prePrune +-- abbrev@1.1.1
20 silly idealTree:prePrune +-- accepts@1.2.13
20 silly idealTree:prePrune +-- ajv@5.5.2
20 silly idealTree:prePrune +-- align-text@0.1.4
20 silly idealTree:prePrune | `-- kind-of@3.2.2
20 silly idealTree:prePrune +-- amdefine@1.0.1
20 silly idealTree:prePrune +-- ansi-gray@0.1.1
20 silly idealTree:prePrune +-- ansi-regex@2.1.1
20 silly idealTree:prePrune +-- ansi-styles@2.2.1
20 silly idealTree:prePrune +-- ansi-wrap@0.1.0
20 silly idealTree:prePrune +-- aproba@1.2.0
20 silly idealTree:prePrune +-- archy@1.0.0
20 silly idealTree:prePrune +-- are-we-there-yet@1.1.4
20 silly idealTree:prePrune | +-- isarray@1.0.0
20 silly idealTree:prePrune | +-- readable-stream@2.3.6
20 silly idealTree:prePrune | `-- string_decoder@1.1.1
20 silly idealTree:prePrune +-- arr-diff@4.0.0
20 silly idealTree:prePrune +-- arr-flatten@1.1.0
20 silly idealTree:prePrune +-- arr-union@3.1.0
20 silly idealTree:prePrune +-- array-differ@1.0.0
20 silly idealTree:prePrune +-- array-each@1.0.1
20 silly idealTree:prePrune +-- array-find-index@1.0.2
20 silly idealTree:prePrune +-- array-slice@1.1.0
20 silly idealTree:prePrune +-- array-uniq@1.0.3
20 silly idealTree:prePrune +-- array-unique@0.3.2
20 silly idealTree:prePrune +-- asn1@0.2.3
20 silly idealTree:prePrune +-- assert-plus@1.0.0
20 silly idealTree:prePrune +-- assign-symbols@1.0.0
20 silly idealTree:prePrune +-- async-foreach@0.1.3
20 silly idealTree:prePrune +-- async@0.2.10
20 silly idealTree:prePrune +-- asynckit@0.4.0
20 silly idealTree:prePrune +-- atob@2.1.1
20 silly idealTree:prePrune +-- autoprefixer@6.7.7
20 silly idealTree:prePrune +-- aws-sign2@0.7.0
20 silly idealTree:prePrune +-- aws4@1.7.0
20 silly idealTree:prePrune +-- balanced-match@1.0.0
20 silly idealTree:prePrune +-- base@0.11.2
20 silly idealTree:prePrune | +-- define-property@1.0.0
20 silly idealTree:prePrune | +-- is-accessor-descriptor@1.0.0
20 silly idealTree:prePrune | +-- is-data-descriptor@1.0.0
20 silly idealTree:prePrune | `-- is-descriptor@1.0.2
20 silly idealTree:prePrune +-- base64-url@1.2.1
20 silly idealTree:prePrune +-- basic-auth-connect@1.0.0
20 silly idealTree:prePrune +-- basic-auth@1.0.4
20 silly idealTree:prePrune +-- batch@0.5.3
20 silly idealTree:prePrune +-- bcrypt-pbkdf@1.0.1
20 silly idealTree:prePrune +-- beeper@1.1.1
20 silly idealTree:prePrune +-- block-stream@0.0.9
20 silly idealTree:prePrune +-- body-parser@1.13.3
20 silly idealTree:prePrune | +-- debug@2.2.0
20 silly idealTree:prePrune | `-- ms@0.7.1
20 silly idealTree:prePrune +-- boom@4.3.1
20 silly idealTree:prePrune +-- bower@1.8.4
20 silly idealTree:prePrune +-- brace-expansion@1.1.11
20 silly idealTree:prePrune +-- braces@2.3.2
20 silly idealTree:prePrune | `-- extend-shallow@2.0.1
20 silly idealTree:prePrune +-- browserslist@1.7.7
20 silly idealTree:prePrune +-- bufferstreams@1.0.1
20 silly idealTree:prePrune +-- builtin-modules@1.1.1
20 silly idealTree:prePrune +-- bytes@2.1.0
20 silly idealTree:prePrune +-- cache-base@1.0.1
20 silly idealTree:prePrune +-- camelcase-keys@2.1.0
20 silly idealTree:prePrune +-- camelcase@2.1.1
20 silly idealTree:prePrune +-- caniuse-db@1.0.30000839
20 silly idealTree:prePrune +-- caseless@0.12.0
20 silly idealTree:prePrune +-- center-align@0.1.3
20 silly idealTree:prePrune +-- chalk@1.1.3
20 silly idealTree:prePrune +-- class-utils@0.3.6
20 silly idealTree:prePrune | `-- define-property@0.2.5
20 silly idealTree:prePrune +-- clean-css@3.4.28
20 silly idealTree:prePrune | `-- source-map@0.4.4
20 silly idealTree:prePrune +-- cli@1.0.1
20 silly idealTree:prePrune | +-- glob@7.1.2
20 silly idealTree:prePrune | `-- minimatch@3.0.4
20 silly idealTree:prePrune +-- cliui@3.2.0
20 silly idealTree:prePrune +-- clone-buffer@1.0.0
20 silly idealTree:prePrune +-- clone-stats@0.0.1
20 silly idealTree:prePrune +-- clone@1.0.4
20 silly idealTree:prePrune +-- cloneable-readable@1.1.2
20 silly idealTree:prePrune | +-- isarray@1.0.0
20 silly idealTree:prePrune | +-- readable-stream@2.3.6
20 silly idealTree:prePrune | `-- string_decoder@1.1.1
20 silly idealTree:prePrune +-- co@4.6.0
20 silly idealTree:prePrune +-- code-point-at@1.1.0
20 silly idealTree:prePrune +-- collection-visit@1.0.0
20 silly idealTree:prePrune +-- color-support@1.1.3
20 silly idealTree:prePrune +-- combined-stream@1.0.6
20 silly idealTree:prePrune +-- commander@2.8.1
20 silly idealTree:prePrune +-- component-emitter@1.2.1
20 silly idealTree:prePrune +-- compressible@2.0.13
20 silly idealTree:prePrune +-- compression@1.5.2
20 silly idealTree:prePrune | +-- debug@2.2.0
20 silly idealTree:prePrune | `-- ms@0.7.1
20 silly idealTree:prePrune +-- concat-map@0.0.1
20 silly idealTree:prePrune +-- concat-with-sourcemaps@1.1.0
20 silly idealTree:prePrune | `-- source-map@0.6.1
20 silly idealTree:prePrune +-- connect-livereload@0.5.4
20 silly idealTree:prePrune +-- connect-timeout@1.6.2
20 silly idealTree:prePrune | +-- debug@2.2.0
20 silly idealTree:prePrune | `-- ms@0.7.1
20 silly idealTree:prePrune +-- connect@2.30.2
20 silly idealTree:prePrune | +-- debug@2.2.0
20 silly idealTree:prePrune | `-- ms@0.7.1
20 silly idealTree:prePrune +-- console-browserify@1.1.0
20 silly idealTree:prePrune +-- console-control-strings@1.1.0
20 silly idealTree:prePrune +-- content-type@1.0.4
20 silly idealTree:prePrune +-- convert-source-map@1.5.1
20 silly idealTree:prePrune +-- cookie-parser@1.3.5
20 silly idealTree:prePrune +-- cookie-signature@1.0.6
20 silly idealTree:prePrune +-- cookie@0.1.3
20 silly idealTree:prePrune +-- copy-descriptor@0.1.1
20 silly idealTree:prePrune +-- core-util-is@1.0.2
20 silly idealTree:prePrune +-- crc@3.3.0
20 silly idealTree:prePrune +-- cross-spawn@3.0.1
20 silly idealTree:prePrune | `-- lru-cache@4.1.3
20 silly idealTree:prePrune +-- cryptiles@3.1.2
20 silly idealTree:prePrune | `-- boom@5.2.0
20 silly idealTree:prePrune +-- csrf@3.0.6
20 silly idealTree:prePrune +-- csurf@1.8.3
20 silly idealTree:prePrune +-- currently-unhandled@0.4.1
20 silly idealTree:prePrune +-- dashdash@1.14.1
20 silly idealTree:prePrune +-- date-now@0.1.4
20 silly idealTree:prePrune +-- dateformat@2.2.0
20 silly idealTree:prePrune +-- deap@1.0.1
20 silly idealTree:prePrune +-- debug@2.6.9
20 silly idealTree:prePrune +-- decamelize@1.2.0
20 silly idealTree:prePrune +-- decode-uri-component@0.2.0
20 silly idealTree:prePrune +-- defaults@1.0.3
20 silly idealTree:prePrune +-- define-property@2.0.2
20 silly idealTree:prePrune | +-- is-accessor-descriptor@1.0.0
20 silly idealTree:prePrune | +-- is-data-descriptor@1.0.0
20 silly idealTree:prePrune | `-- is-descriptor@1.0.2
20 silly idealTree:prePrune +-- delayed-stream@1.0.0
20 silly idealTree:prePrune +-- delegates@1.0.0
20 silly idealTree:prePrune +-- depd@1.0.1
20 silly idealTree:prePrune +-- deprecated@0.0.1
20 silly idealTree:prePrune +-- destroy@1.0.4
20 silly idealTree:prePrune +-- detect-file@1.0.0
20 silly idealTree:prePrune +-- dom-serializer@0.1.0
20 silly idealTree:prePrune | +-- domelementtype@1.1.3
20 silly idealTree:prePrune | `-- entities@1.1.1
20 silly idealTree:prePrune +-- domelementtype@1.3.0
20 silly idealTree:prePrune +-- domhandler@2.3.0
20 silly idealTree:prePrune +-- domutils@1.5.1
20 silly idealTree:prePrune +-- duplexer@0.1.1
20 silly idealTree:prePrune +-- duplexer2@0.0.2
20 silly idealTree:prePrune +-- duplexify@3.6.0
20 silly idealTree:prePrune | +-- end-of-stream@1.4.1
20 silly idealTree:prePrune | +-- isarray@1.0.0
20 silly idealTree:prePrune | +-- once@1.4.0
20 silly idealTree:prePrune | +-- readable-stream@2.3.6
20 silly idealTree:prePrune | `-- string_decoder@1.1.1
20 silly idealTree:prePrune +-- ecc-jsbn@0.1.1
20 silly idealTree:prePrune +-- ee-first@1.1.1
20 silly idealTree:prePrune +-- electron-to-chromium@1.3.45
20 silly idealTree:prePrune +-- end-of-stream@0.1.5
20 silly idealTree:prePrune +-- entities@1.0.0
20 silly idealTree:prePrune +-- error-ex@1.3.1
20 silly idealTree:prePrune +-- errorhandler@1.4.3
20 silly idealTree:prePrune | +-- accepts@1.3.5
20 silly idealTree:prePrune | `-- negotiator@0.6.1
20 silly idealTree:prePrune +-- es6-promise@2.3.0
20 silly idealTree:prePrune +-- escape-html@1.0.3
20 silly idealTree:prePrune +-- escape-string-regexp@1.0.5
20 silly idealTree:prePrune +-- etag@1.7.0
20 silly idealTree:prePrune +-- event-stream@3.3.4
20 silly idealTree:prePrune +-- exit@0.1.2
20 silly idealTree:prePrune +-- expand-brackets@2.1.4
20 silly idealTree:prePrune | +-- define-property@0.2.5
20 silly idealTree:prePrune | `-- extend-shallow@2.0.1
20 silly idealTree:prePrune +-- expand-range@1.8.2
20 silly idealTree:prePrune | +-- fill-range@2.2.4
20 silly idealTree:prePrune | +-- is-number@2.1.0
20 silly idealTree:prePrune | +-- isarray@1.0.0
20 silly idealTree:prePrune | +-- isobject@2.1.0
20 silly idealTree:prePrune | `-- kind-of@3.2.2
20 silly idealTree:prePrune +-- expand-tilde@2.0.2
20 silly idealTree:prePrune +-- express-session@1.11.3
20 silly idealTree:prePrune | +-- debug@2.2.0
20 silly idealTree:prePrune | +-- ms@0.7.1
20 silly idealTree:prePrune | `-- uid-safe@2.0.0
20 silly idealTree:prePrune +-- extend-shallow@3.0.2
20 silly idealTree:prePrune | `-- is-extendable@1.0.1
20 silly idealTree:prePrune +-- extend@3.0.1
20 silly idealTree:prePrune +-- extglob@2.0.4
20 silly idealTree:prePrune | +-- define-property@1.0.0
20 silly idealTree:prePrune | +-- extend-shallow@2.0.1
20 silly idealTree:prePrune | +-- is-accessor-descriptor@1.0.0
20 silly idealTree:prePrune | +-- is-data-descriptor@1.0.0
20 silly idealTree:prePrune | `-- is-descriptor@1.0.2
20 silly idealTree:prePrune +-- extsprintf@1.3.0
20 silly idealTree:prePrune +-- fancy-log@1.3.2
20 silly idealTree:prePrune +-- fast-deep-equal@1.1.0
20 silly idealTree:prePrune +-- fast-json-stable-stringify@2.0.0
20 silly idealTree:prePrune +-- faye-websocket@0.10.0
20 silly idealTree:prePrune +-- filename-regex@2.0.1
20 silly idealTree:prePrune +-- fill-range@4.0.0
20 silly idealTree:prePrune | `-- extend-shallow@2.0.1
20 silly idealTree:prePrune +-- finalhandler@0.4.0
20 silly idealTree:prePrune | +-- debug@2.2.0
20 silly idealTree:prePrune | +-- escape-html@1.0.2
20 silly idealTree:prePrune | `-- ms@0.7.1
20 silly idealTree:prePrune +-- find-index@0.1.1
20 silly idealTree:prePrune +-- find-up@1.1.2
20 silly idealTree:prePrune +-- findup-sync@2.0.0
20 silly idealTree:prePrune +-- fined@1.1.0
20 silly idealTree:prePrune +-- first-chunk-stream@1.0.0
20 silly idealTree:prePrune +-- flagged-respawn@1.0.0
20 silly idealTree:prePrune +-- for-in@1.0.2
20 silly idealTree:prePrune +-- for-own@1.0.0
20 silly idealTree:prePrune +-- forever-agent@0.6.1
20 silly idealTree:prePrune +-- form-data@2.3.2
20 silly idealTree:prePrune +-- fragment-cache@0.2.1
20 silly idealTree:prePrune +-- fresh@0.3.0
20 silly idealTree:prePrune +-- from@0.1.7
20 silly idealTree:prePrune +-- fs.realpath@1.0.0
20 silly idealTree:prePrune +-- fstream@1.0.11
20 silly idealTree:prePrune | `-- graceful-fs@4.1.11
20 silly idealTree:prePrune +-- gauge@2.7.4
20 silly idealTree:prePrune | `-- object-assign@4.1.1
20 silly idealTree:prePrune +-- gaze@0.5.2
20 silly idealTree:prePrune +-- get-caller-file@1.0.2
20 silly idealTree:prePrune +-- get-stdin@4.0.1
20 silly idealTree:prePrune +-- get-value@2.0.6
20 silly idealTree:prePrune +-- getpass@0.1.7
20 silly idealTree:prePrune +-- gift@0.6.1
20 silly idealTree:prePrune +-- glob-base@0.3.0
20 silly idealTree:prePrune | +-- glob-parent@2.0.0
20 silly idealTree:prePrune | +-- is-extglob@1.0.0
20 silly idealTree:prePrune | `-- is-glob@2.0.1
20 silly idealTree:prePrune +-- glob-parent@3.1.0
20 silly idealTree:prePrune +-- glob-stream@3.1.18
20 silly idealTree:prePrune | +-- readable-stream@1.0.34
20 silly idealTree:prePrune | `-- through2@0.6.5
20 silly idealTree:prePrune +-- glob-watcher@0.0.6
20 silly idealTree:prePrune +-- glob@4.5.3
20 silly idealTree:prePrune +-- glob2base@0.0.12
20 silly idealTree:prePrune +-- global-modules@1.0.0
20 silly idealTree:prePrune +-- global-prefix@1.0.2
20 silly idealTree:prePrune +-- globule@0.1.0
20 silly idealTree:prePrune | +-- glob@3.1.21
20 silly idealTree:prePrune | +-- graceful-fs@1.2.3
20 silly idealTree:prePrune | +-- inherits@1.0.2
20 silly idealTree:prePrune | `-- minimatch@0.2.14
20 silly idealTree:prePrune +-- glogg@1.0.1
20 silly idealTree:prePrune +-- graceful-fs@3.0.11
20 silly idealTree:prePrune +-- graceful-readlink@1.0.1
20 silly idealTree:prePrune +-- gulp-autoprefixer@3.1.1
20 silly idealTree:prePrune +-- gulp-concat@2.6.1
20 silly idealTree:prePrune | +-- clone-stats@1.0.0
20 silly idealTree:prePrune | +-- clone@2.1.1
20 silly idealTree:prePrune | +-- replace-ext@1.0.0
20 silly idealTree:prePrune | `-- vinyl@2.1.0
20 silly idealTree:prePrune +-- gulp-connect@2.3.1
20 silly idealTree:prePrune +-- gulp-gh-pages@0.5.4
20 silly idealTree:prePrune | +-- arr-diff@2.0.0
20 silly idealTree:prePrune | +-- array-unique@0.2.1
20 silly idealTree:prePrune | +-- braces@1.8.5
20 silly idealTree:prePrune | +-- expand-brackets@0.1.5
20 silly idealTree:prePrune | +-- extglob@0.3.2
20 silly idealTree:prePrune | +-- glob-stream@5.3.5
20 silly idealTree:prePrune | | +-- isarray@0.0.1
20 silly idealTree:prePrune | | +-- readable-stream@1.0.34
20 silly idealTree:prePrune | | +-- string_decoder@0.10.31
20 silly idealTree:prePrune | | `-- through2@0.6.5
20 silly idealTree:prePrune | +-- glob@5.0.15
20 silly idealTree:prePrune | +-- graceful-fs@4.1.11
20 silly idealTree:prePrune | +-- is-extglob@1.0.0
20 silly idealTree:prePrune | +-- is-glob@2.0.1
20 silly idealTree:prePrune | +-- isarray@1.0.0
20 silly idealTree:prePrune | +-- kind-of@3.2.2
20 silly idealTree:prePrune | +-- micromatch@2.3.11
20 silly idealTree:prePrune | +-- object-assign@4.1.1
20 silly idealTree:prePrune | +-- ordered-read-streams@0.3.0
20 silly idealTree:prePrune | +-- readable-stream@2.3.6
20 silly idealTree:prePrune | +-- string_decoder@1.1.1
20 silly idealTree:prePrune | +-- strip-bom@2.0.0
20 silly idealTree:prePrune | +-- unique-stream@2.2.1
20 silly idealTree:prePrune | +-- vinyl-fs@2.4.4
20 silly idealTree:prePrune | `-- vinyl@1.2.0
20 silly idealTree:prePrune +-- gulp-jshint@1.12.0
20 silly idealTree:prePrune | +-- lodash@3.10.1
20 silly idealTree:prePrune | +-- readable-stream@1.0.34
20 silly idealTree:prePrune | `-- through2@0.6.5
20 silly idealTree:prePrune +-- gulp-minify-css@1.2.4
20 silly idealTree:prePrune | +-- isarray@1.0.0
20 silly idealTree:prePrune | +-- object-assign@4.1.1
20 silly idealTree:prePrune | +-- readable-stream@2.3.6
20 silly idealTree:prePrune | `-- string_decoder@1.1.1
20 silly idealTree:prePrune +-- gulp-rename@1.2.2
20 silly idealTree:prePrune +-- gulp-sass@2.3.2
20 silly idealTree:prePrune +-- gulp-sourcemaps@1.6.0
20 silly idealTree:prePrune | +-- graceful-fs@4.1.11
20 silly idealTree:prePrune | +-- strip-bom@2.0.0
20 silly idealTree:prePrune | `-- vinyl@1.2.0
20 silly idealTree:prePrune +-- gulp-uglify@1.5.4
20 silly idealTree:prePrune | +-- isarray@1.0.0
20 silly idealTree:prePrune | `-- isobject@2.1.0
20 silly idealTree:prePrune +-- gulp-util@3.0.8
20 silly idealTree:prePrune +-- gulp@3.9.1
20 silly idealTree:prePrune +-- gulplog@1.0.0
20 silly idealTree:prePrune +-- har-schema@2.0.0
20 silly idealTree:prePrune +-- har-validator@5.0.3
20 silly idealTree:prePrune +-- has-ansi@2.0.0
20 silly idealTree:prePrune +-- has-flag@1.0.0
20 silly idealTree:prePrune +-- has-gulplog@0.1.0
20 silly idealTree:prePrune +-- has-unicode@2.0.1
20 silly idealTree:prePrune +-- has-value@1.0.0
20 silly idealTree:prePrune +-- has-values@1.0.0
20 silly idealTree:prePrune | `-- kind-of@4.0.0
20 silly idealTree:prePrune +-- hawk@6.0.2
20 silly idealTree:prePrune +-- hoek@4.2.1
20 silly idealTree:prePrune +-- homedir-polyfill@1.0.1
20 silly idealTree:prePrune +-- hosted-git-info@2.6.0
20 silly idealTree:prePrune +-- htmlparser2@3.8.3
20 silly idealTree:prePrune +-- http-errors@1.3.1
20 silly idealTree:prePrune +-- http-parser-js@0.4.12
20 silly idealTree:prePrune +-- http-signature@1.2.0
20 silly idealTree:prePrune +-- iconv-lite@0.4.11
20 silly idealTree:prePrune +-- in-publish@2.0.0
20 silly idealTree:prePrune +-- indent-string@2.1.0
20 silly idealTree:prePrune +-- inflight@1.0.6
20 silly idealTree:prePrune +-- inherits@2.0.3
20 silly idealTree:prePrune +-- ini@1.3.5
20 silly idealTree:prePrune +-- interpret@1.1.0
20 silly idealTree:prePrune +-- invert-kv@1.0.0
20 silly idealTree:prePrune +-- is-absolute@1.0.0
20 silly idealTree:prePrune +-- is-accessor-descriptor@0.1.6
20 silly idealTree:prePrune | `-- kind-of@3.2.2
20 silly idealTree:prePrune +-- is-arrayish@0.2.1
20 silly idealTree:prePrune +-- is-buffer@1.1.6
20 silly idealTree:prePrune +-- is-builtin-module@1.0.0
20 silly idealTree:prePrune +-- is-data-descriptor@0.1.4
20 silly idealTree:prePrune | `-- kind-of@3.2.2
20 silly idealTree:prePrune +-- is-descriptor@0.1.6
20 silly idealTree:prePrune | `-- kind-of@5.1.0
20 silly idealTree:prePrune +-- is-dotfile@1.0.3
20 silly idealTree:prePrune +-- is-equal-shallow@0.1.3
20 silly idealTree:prePrune +-- is-extendable@0.1.1
20 silly idealTree:prePrune +-- is-extglob@2.1.1
20 silly idealTree:prePrune +-- is-finite@1.0.2
20 silly idealTree:prePrune +-- is-fullwidth-code-point@1.0.0
20 silly idealTree:prePrune +-- is-glob@3.1.0
20 silly idealTree:prePrune +-- is-number@3.0.0
20 silly idealTree:prePrune | `-- kind-of@3.2.2
20 silly idealTree:prePrune +-- is-odd@2.0.0
20 silly idealTree:prePrune | `-- is-number@4.0.0
20 silly idealTree:prePrune +-- is-plain-object@2.0.4
20 silly idealTree:prePrune +-- is-posix-bracket@0.1.1
20 silly idealTree:prePrune +-- is-primitive@2.0.0
20 silly idealTree:prePrune +-- is-relative@1.0.0
20 silly idealTree:prePrune +-- is-stream@1.1.0
20 silly idealTree:prePrune +-- is-typedarray@1.0.0
20 silly idealTree:prePrune +-- is-unc-path@1.0.0
20 silly idealTree:prePrune +-- is-utf8@0.2.1
20 silly idealTree:prePrune +-- is-valid-glob@0.3.0
20 silly idealTree:prePrune +-- is-windows@1.0.2
20 silly idealTree:prePrune +-- isarray@0.0.1
20 silly idealTree:prePrune +-- isexe@2.0.0
20 silly idealTree:prePrune +-- isobject@3.0.1
20 silly idealTree:prePrune +-- isstream@0.1.2
20 silly idealTree:prePrune +-- js-base64@2.4.3
20 silly idealTree:prePrune +-- jsbn@0.1.1
20 silly idealTree:prePrune +-- jshint@2.9.5
20 silly idealTree:prePrune | +-- lodash@3.7.0
20 silly idealTree:prePrune | `-- minimatch@3.0.4
20 silly idealTree:prePrune +-- json-schema-traverse@0.3.1
20 silly idealTree:prePrune +-- json-schema@0.2.3
20 silly idealTree:prePrune +-- json-stable-stringify@1.0.1
20 silly idealTree:prePrune +-- json-stringify-safe@5.0.1
20 silly idealTree:prePrune +-- jsonify@0.0.0
20 silly idealTree:prePrune +-- jsprim@1.4.1
20 silly idealTree:prePrune +-- kind-of@6.0.2
20 silly idealTree:prePrune +-- lazy-cache@1.0.4
20 silly idealTree:prePrune +-- lazystream@1.0.0
20 silly idealTree:prePrune | +-- isarray@1.0.0
20 silly idealTree:prePrune | +-- readable-stream@2.3.6
20 silly idealTree:prePrune | `-- string_decoder@1.1.1
20 silly idealTree:prePrune +-- lcid@1.0.0
20 silly idealTree:prePrune +-- liftoff@2.5.0
20 silly idealTree:prePrune +-- livereload-js@2.3.0
20 silly idealTree:prePrune +-- load-json-file@1.1.0
20 silly idealTree:prePrune | +-- graceful-fs@4.1.11
20 silly idealTree:prePrune | `-- strip-bom@2.0.0
20 silly idealTree:prePrune +-- lodash._basecopy@3.0.1
20 silly idealTree:prePrune +-- lodash._basetostring@3.0.1
20 silly idealTree:prePrune +-- lodash._basevalues@3.0.0
20 silly idealTree:prePrune +-- lodash._getnative@3.9.1
20 silly idealTree:prePrune +-- lodash._isiterateecall@3.0.9
20 silly idealTree:prePrune +-- lodash._reescape@3.0.0
20 silly idealTree:prePrune +-- lodash._reevaluate@3.0.0
20 silly idealTree:prePrune +-- lodash._reinterpolate@3.0.0
20 silly idealTree:prePrune +-- lodash._root@3.0.1
20 silly idealTree:prePrune +-- lodash.assign@4.2.0
20 silly idealTree:prePrune +-- lodash.clonedeep@4.5.0
20 silly idealTree:prePrune +-- lodash.escape@3.2.0
20 silly idealTree:prePrune +-- lodash.isarguments@3.1.0
20 silly idealTree:prePrune +-- lodash.isarray@3.0.4
20 silly idealTree:prePrune +-- lodash.isequal@4.5.0
20 silly idealTree:prePrune +-- lodash.keys@3.1.2
20 silly idealTree:prePrune +-- lodash.restparam@3.6.1
20 silly idealTree:prePrune +-- lodash.template@3.6.2
20 silly idealTree:prePrune +-- lodash.templatesettings@3.1.1
20 silly idealTree:prePrune +-- lodash@1.0.2
20 silly idealTree:prePrune +-- longest@1.0.1
20 silly idealTree:prePrune +-- loud-rejection@1.6.0
20 silly idealTree:prePrune +-- lru-cache@2.7.3
20 silly idealTree:prePrune +-- make-iterator@1.0.1
20 silly idealTree:prePrune +-- map-cache@0.2.2
20 silly idealTree:prePrune +-- map-obj@1.0.1
20 silly idealTree:prePrune +-- map-stream@0.1.0
20 silly idealTree:prePrune +-- map-visit@1.0.0
20 silly idealTree:prePrune +-- math-random@1.0.1
20 silly idealTree:prePrune +-- media-typer@0.3.0
20 silly idealTree:prePrune +-- meow@3.7.0
20 silly idealTree:prePrune | `-- object-assign@4.1.1
20 silly idealTree:prePrune +-- merge-stream@1.0.1
20 silly idealTree:prePrune | +-- isarray@1.0.0
20 silly idealTree:prePrune | +-- readable-stream@2.3.6
20 silly idealTree:prePrune | `-- string_decoder@1.1.1
20 silly idealTree:prePrune +-- method-override@2.3.10
20 silly idealTree:prePrune | `-- vary@1.1.2
20 silly idealTree:prePrune +-- methods@1.1.2
20 silly idealTree:prePrune +-- micromatch@3.1.10
20 silly idealTree:prePrune +-- mime-db@1.33.0
20 silly idealTree:prePrune +-- mime-types@2.1.18
20 silly idealTree:prePrune +-- mime@1.3.4
20 silly idealTree:prePrune +-- minimatch@2.0.10
20 silly idealTree:prePrune +-- minimist@1.2.0
20 silly idealTree:prePrune +-- mixin-deep@1.3.1
20 silly idealTree:prePrune | `-- is-extendable@1.0.1
20 silly idealTree:prePrune +-- mkdirp@0.5.1
20 silly idealTree:prePrune | `-- minimist@0.0.8
20 silly idealTree:prePrune +-- morgan@1.6.1
20 silly idealTree:prePrune | +-- debug@2.2.0
20 silly idealTree:prePrune | `-- ms@0.7.1
20 silly idealTree:prePrune +-- ms@2.0.0
20 silly idealTree:prePrune +-- multiparty@3.3.2
20 silly idealTree:prePrune +-- multipipe@0.1.2
20 silly idealTree:prePrune +-- nan@2.10.0
20 silly idealTree:prePrune +-- nanomatch@1.2.9
20 silly idealTree:prePrune +-- natives@1.1.3
20 silly idealTree:prePrune +-- negotiator@0.5.3
20 silly idealTree:prePrune +-- node-gyp@3.6.2
20 silly idealTree:prePrune | +-- glob@7.1.2
20 silly idealTree:prePrune | +-- graceful-fs@4.1.11
20 silly idealTree:prePrune | +-- minimatch@3.0.4
20 silly idealTree:prePrune | `-- semver@5.3.0
20 silly idealTree:prePrune +-- node-sass@3.13.1
20 silly idealTree:prePrune | +-- gaze@1.1.2
20 silly idealTree:prePrune | +-- glob@7.1.2
20 silly idealTree:prePrune | +-- globule@1.2.0
20 silly idealTree:prePrune | +-- lodash@4.17.10
20 silly idealTree:prePrune | `-- minimatch@3.0.4
20 silly idealTree:prePrune +-- nopt@3.0.6
20 silly idealTree:prePrune +-- normalize-package-data@2.4.0
20 silly idealTree:prePrune +-- normalize-path@2.1.1
20 silly idealTree:prePrune +-- normalize-range@0.1.2
20 silly idealTree:prePrune +-- npmlog@4.1.2
20 silly idealTree:prePrune +-- num2fraction@1.2.2
20 silly idealTree:prePrune +-- number-is-nan@1.0.1
20 silly idealTree:prePrune +-- oauth-sign@0.8.2
20 silly idealTree:prePrune +-- object-assign@3.0.0
20 silly idealTree:prePrune +-- object-copy@0.1.0
20 silly idealTree:prePrune | +-- define-property@0.2.5
20 silly idealTree:prePrune | `-- kind-of@3.2.2
20 silly idealTree:prePrune +-- object-visit@1.0.1
20 silly idealTree:prePrune +-- object.defaults@1.1.0
20 silly idealTree:prePrune +-- object.map@1.0.1
20 silly idealTree:prePrune +-- object.omit@2.0.1
20 silly idealTree:prePrune | `-- for-own@0.1.5
20 silly idealTree:prePrune +-- object.pick@1.3.0
20 silly idealTree:prePrune +-- on-finished@2.3.0
20 silly idealTree:prePrune +-- on-headers@1.0.1
20 silly idealTree:prePrune +-- once@1.3.3
20 silly idealTree:prePrune +-- orchestrator@0.3.8
20 silly idealTree:prePrune +-- ordered-read-streams@0.1.0
20 silly idealTree:prePrune +-- os-homedir@1.0.2
20 silly idealTree:prePrune +-- os-locale@1.4.0
20 silly idealTree:prePrune +-- os-tmpdir@1.0.2
20 silly idealTree:prePrune +-- osenv@0.1.5
20 silly idealTree:prePrune +-- parse-filepath@1.0.2
20 silly idealTree:prePrune +-- parse-glob@3.0.4
20 silly idealTree:prePrune | +-- is-extglob@1.0.0
20 silly idealTree:prePrune | `-- is-glob@2.0.1
20 silly idealTree:prePrune +-- parse-json@2.2.0
20 silly idealTree:prePrune +-- parse-passwd@1.0.0
20 silly idealTree:prePrune +-- parseurl@1.3.2
20 silly idealTree:prePrune +-- pascalcase@0.1.1
20 silly idealTree:prePrune +-- path-dirname@1.0.2
20 silly idealTree:prePrune +-- path-exists@2.1.0
20 silly idealTree:prePrune +-- path-is-absolute@1.0.1
20 silly idealTree:prePrune +-- path-parse@1.0.5
20 silly idealTree:prePrune +-- path-root-regex@0.1.2
20 silly idealTree:prePrune +-- path-root@0.1.1
20 silly idealTree:prePrune +-- path-type@1.1.0
20 silly idealTree:prePrune | `-- graceful-fs@4.1.11
20 silly idealTree:prePrune +-- pause-stream@0.0.11
20 silly idealTree:prePrune +-- pause@0.1.0
20 silly idealTree:prePrune +-- performance-now@2.1.0
20 silly idealTree:prePrune +-- pify@2.3.0
20 silly idealTree:prePrune +-- pinkie-promise@2.0.1
20 silly idealTree:prePrune +-- pinkie@2.0.4
20 silly idealTree:prePrune +-- posix-character-classes@0.1.1
20 silly idealTree:prePrune +-- postcss-value-parser@3.3.0
20 silly idealTree:prePrune +-- postcss@5.2.18
20 silly idealTree:prePrune | `-- supports-color@3.2.3
20 silly idealTree:prePrune +-- preserve@0.2.0
20 silly idealTree:prePrune +-- pretty-hrtime@1.0.3
20 silly idealTree:prePrune +-- process-nextick-args@2.0.0
20 silly idealTree:prePrune +-- pseudomap@1.0.2
20 silly idealTree:prePrune +-- punycode@1.4.1
20 silly idealTree:prePrune +-- qs@4.0.0
20 silly idealTree:prePrune +-- random-bytes@1.0.0
20 silly idealTree:prePrune +-- randomatic@3.0.0
20 silly idealTree:prePrune | `-- is-number@4.0.0
20 silly idealTree:prePrune +-- range-parser@1.0.3
20 silly idealTree:prePrune +-- raw-body@2.1.7
20 silly idealTree:prePrune | +-- bytes@2.4.0
20 silly idealTree:prePrune | `-- iconv-lite@0.4.13
20 silly idealTree:prePrune +-- rcfinder@0.1.9
20 silly idealTree:prePrune +-- rcloader@0.1.2
20 silly idealTree:prePrune | `-- lodash@2.4.2
20 silly idealTree:prePrune +-- read-pkg-up@1.0.1
20 silly idealTree:prePrune +-- read-pkg@1.1.0
20 silly idealTree:prePrune +-- readable-stream@1.1.14
20 silly idealTree:prePrune +-- rechoir@0.6.2
20 silly idealTree:prePrune +-- redent@1.0.0
20 silly idealTree:prePrune +-- regex-cache@0.4.4
20 silly idealTree:prePrune +-- regex-not@1.0.2
20 silly idealTree:prePrune +-- remove-trailing-separator@1.1.0
20 silly idealTree:prePrune +-- repeat-element@1.1.2
20 silly idealTree:prePrune +-- repeat-string@1.6.1
20 silly idealTree:prePrune +-- repeating@2.0.1
20 silly idealTree:prePrune +-- replace-ext@0.0.1
20 silly idealTree:prePrune +-- request@2.85.0
20 silly idealTree:prePrune | `-- qs@6.5.2
20 silly idealTree:prePrune +-- require-directory@2.1.1
20 silly idealTree:prePrune +-- require-main-filename@1.0.1
20 silly idealTree:prePrune +-- resolve-dir@1.0.1
20 silly idealTree:prePrune +-- resolve-url@0.2.1
20 silly idealTree:prePrune +-- resolve@1.7.1
20 silly idealTree:prePrune +-- response-time@2.3.2
20 silly idealTree:prePrune | `-- depd@1.1.2
20 silly idealTree:prePrune +-- ret@0.1.15
20 silly idealTree:prePrune +-- right-align@0.1.3
20 silly idealTree:prePrune +-- rimraf@2.6.2
20 silly idealTree:prePrune | +-- glob@7.1.2
20 silly idealTree:prePrune | `-- minimatch@3.0.4
20 silly idealTree:prePrune +-- rndm@1.2.0
20 silly idealTree:prePrune +-- safe-buffer@5.1.2
20 silly idealTree:prePrune +-- safe-regex@1.1.0
20 silly idealTree:prePrune +-- sass-graph@2.2.4
20 silly idealTree:prePrune | +-- glob@7.1.2
20 silly idealTree:prePrune | +-- lodash@4.17.10
20 silly idealTree:prePrune | `-- minimatch@3.0.4
20 silly idealTree:prePrune +-- scss-tokenizer@0.2.3
20 silly idealTree:prePrune | `-- source-map@0.4.4
20 silly idealTree:prePrune +-- semver@4.3.6
20 silly idealTree:prePrune +-- send@0.13.2
20 silly idealTree:prePrune | +-- debug@2.2.0
20 silly idealTree:prePrune | +-- depd@1.1.2
20 silly idealTree:prePrune | +-- ms@0.7.1
20 silly idealTree:prePrune | `-- statuses@1.2.1
20 silly idealTree:prePrune +-- sequencify@0.0.7
20 silly idealTree:prePrune +-- serve-favicon@2.3.2
20 silly idealTree:prePrune | `-- ms@0.7.2
20 silly idealTree:prePrune +-- serve-index@1.7.3
20 silly idealTree:prePrune | +-- debug@2.2.0
20 silly idealTree:prePrune | `-- ms@0.7.1
20 silly idealTree:prePrune +-- serve-static@1.10.3
20 silly idealTree:prePrune +-- set-blocking@2.0.0
20 silly idealTree:prePrune +-- set-value@2.0.0
20 silly idealTree:prePrune | `-- extend-shallow@2.0.1
20 silly idealTree:prePrune +-- shelljs@0.3.0
20 silly idealTree:prePrune +-- sigmund@1.0.1
20 silly idealTree:prePrune +-- signal-exit@3.0.2
20 silly idealTree:prePrune +-- snapdragon-node@2.1.1
20 silly idealTree:prePrune | +-- define-property@1.0.0
20 silly idealTree:prePrune | +-- is-accessor-descriptor@1.0.0
20 silly idealTree:prePrune | +-- is-data-descriptor@1.0.0
20 silly idealTree:prePrune | `-- is-descriptor@1.0.2
20 silly idealTree:prePrune +-- snapdragon-util@3.0.1
20 silly idealTree:prePrune | `-- kind-of@3.2.2
20 silly idealTree:prePrune +-- snapdragon@0.8.2
20 silly idealTree:prePrune | +-- define-property@0.2.5
20 silly idealTree:prePrune | `-- extend-shallow@2.0.1
20 silly idealTree:prePrune +-- sntp@2.1.0
20 silly idealTree:prePrune +-- source-map-resolve@0.5.2
20 silly idealTree:prePrune +-- source-map-url@0.4.0
20 silly idealTree:prePrune +-- source-map@0.5.7
20 silly idealTree:prePrune +-- sparkles@1.0.0
20 silly idealTree:prePrune +-- spdx-correct@3.0.0
20 silly idealTree:prePrune +-- spdx-exceptions@2.1.0
20 silly idealTree:prePrune +-- spdx-expression-parse@3.0.0
20 silly idealTree:prePrune +-- spdx-license-ids@3.0.0
20 silly idealTree:prePrune +-- split-string@3.1.0
20 silly idealTree:prePrune +-- split@0.3.3
20 silly idealTree:prePrune +-- sshpk@1.14.1
20 silly idealTree:prePrune +-- static-extend@0.1.2
20 silly idealTree:prePrune | `-- define-property@0.2.5
20 silly idealTree:prePrune +-- statuses@1.5.0
20 silly idealTree:prePrune +-- stream-combiner@0.0.4
20 silly idealTree:prePrune +-- stream-consume@0.1.1
20 silly idealTree:prePrune +-- stream-counter@0.2.0
20 silly idealTree:prePrune +-- stream-shift@1.0.0
20 silly idealTree:prePrune +-- string_decoder@0.10.31
20 silly idealTree:prePrune +-- string-width@1.0.2
20 silly idealTree:prePrune +-- stringstream@0.0.5
20 silly idealTree:prePrune +-- strip-ansi@3.0.1
20 silly idealTree:prePrune +-- strip-bom-stream@1.0.0
20 silly idealTree:prePrune | `-- strip-bom@2.0.0
20 silly idealTree:prePrune +-- strip-bom@1.0.0
20 silly idealTree:prePrune +-- strip-indent@1.0.1
20 silly idealTree:prePrune +-- strip-json-comments@1.0.4
20 silly idealTree:prePrune +-- supports-color@2.0.0
20 silly idealTree:prePrune +-- tar@2.2.1
20 silly idealTree:prePrune +-- through@2.3.8
20 silly idealTree:prePrune +-- through2-filter@2.0.0
20 silly idealTree:prePrune +-- through2@2.0.3
20 silly idealTree:prePrune | +-- isarray@1.0.0
20 silly idealTree:prePrune | +-- readable-stream@2.3.6
20 silly idealTree:prePrune | `-- string_decoder@1.1.1
20 silly idealTree:prePrune +-- tildify@1.2.0
20 silly idealTree:prePrune +-- time-stamp@1.1.0
20 silly idealTree:prePrune +-- tiny-lr@0.2.1
20 silly idealTree:prePrune | +-- body-parser@1.14.2
20 silly idealTree:prePrune | | `-- qs@5.2.0
20 silly idealTree:prePrune | +-- bytes@2.2.0
20 silly idealTree:prePrune | +-- debug@2.2.0
20 silly idealTree:prePrune | +-- depd@1.1.2
20 silly idealTree:prePrune | +-- iconv-lite@0.4.13
20 silly idealTree:prePrune | +-- ms@0.7.1
20 silly idealTree:prePrune | `-- qs@5.1.0
20 silly idealTree:prePrune +-- to-absolute-glob@0.1.1
20 silly idealTree:prePrune | `-- extend-shallow@2.0.1
20 silly idealTree:prePrune +-- to-object-path@0.3.0
20 silly idealTree:prePrune | `-- kind-of@3.2.2
20 silly idealTree:prePrune +-- to-regex-range@2.1.1
20 silly idealTree:prePrune +-- to-regex@3.0.2
20 silly idealTree:prePrune +-- tough-cookie@2.3.4
20 silly idealTree:prePrune +-- trim-newlines@1.0.0
20 silly idealTree:prePrune +-- tsscmp@1.0.5
20 silly idealTree:prePrune +-- tunnel-agent@0.6.0
20 silly idealTree:prePrune +-- tweetnacl@0.14.5
20 silly idealTree:prePrune +-- type-is@1.6.16
20 silly idealTree:prePrune +-- uglify-js@2.6.4
20 silly idealTree:prePrune | +-- camelcase@1.2.1
20 silly idealTree:prePrune | +-- cliui@2.1.0
20 silly idealTree:prePrune | `-- yargs@3.10.0
20 silly idealTree:prePrune +-- uglify-save-license@0.4.1
20 silly idealTree:prePrune +-- uglify-to-browserify@1.0.2
20 silly idealTree:prePrune +-- uid-safe@2.1.4
20 silly idealTree:prePrune +-- unc-path-regex@0.1.2
20 silly idealTree:prePrune +-- underscore@1.9.0
20 silly idealTree:prePrune +-- union-value@1.0.0
20 silly idealTree:prePrune | +-- extend-shallow@2.0.1
20 silly idealTree:prePrune | `-- set-value@0.4.3
20 silly idealTree:prePrune +-- unique-stream@1.0.0
20 silly idealTree:prePrune +-- unpipe@1.0.0
20 silly idealTree:prePrune +-- unset-value@1.0.0
20 silly idealTree:prePrune | +-- has-value@0.3.1
20 silly idealTree:prePrune | | `-- isobject@2.1.0
20 silly idealTree:prePrune | +-- has-values@0.1.4
20 silly idealTree:prePrune | `-- isarray@1.0.0
20 silly idealTree:prePrune +-- urix@0.1.0
20 silly idealTree:prePrune +-- use@3.1.0
20 silly idealTree:prePrune +-- user-home@1.1.1
20 silly idealTree:prePrune +-- util-deprecate@1.0.2
20 silly idealTree:prePrune +-- utils-merge@1.0.0
20 silly idealTree:prePrune +-- uuid@3.2.1
20 silly idealTree:prePrune +-- v8flags@2.1.1
20 silly idealTree:prePrune +-- vali-date@1.0.0
20 silly idealTree:prePrune +-- validate-npm-package-license@3.0.3
20 silly idealTree:prePrune +-- vary@1.0.1
20 silly idealTree:prePrune +-- verror@1.10.0
20 silly idealTree:prePrune +-- vhost@3.0.2
20 silly idealTree:prePrune +-- vinyl-bufferstream@1.0.1
20 silly idealTree:prePrune +-- vinyl-fs@0.3.14
20 silly idealTree:prePrune | +-- clone@0.2.0
20 silly idealTree:prePrune | +-- readable-stream@1.0.34
20 silly idealTree:prePrune | +-- through2@0.6.5
20 silly idealTree:prePrune | `-- vinyl@0.4.6
20 silly idealTree:prePrune +-- vinyl-sourcemaps-apply@0.2.1
20 silly idealTree:prePrune +-- vinyl@0.5.3
20 silly idealTree:prePrune +-- websocket-driver@0.7.0
20 silly idealTree:prePrune +-- websocket-extensions@0.1.3
20 silly idealTree:prePrune +-- which-module@1.0.0
20 silly idealTree:prePrune +-- which@1.3.0
20 silly idealTree:prePrune +-- wide-align@1.1.2
20 silly idealTree:prePrune +-- window-size@0.1.0
20 silly idealTree:prePrune +-- wordwrap@0.0.2
20 silly idealTree:prePrune +-- wrap-ansi@2.1.0
20 silly idealTree:prePrune +-- wrap-promise@1.0.1
20 silly idealTree:prePrune +-- wrappy@1.0.2
20 silly idealTree:prePrune +-- xtend@4.0.1
20 silly idealTree:prePrune +-- y18n@3.2.1
20 silly idealTree:prePrune +-- yallist@2.1.2
20 silly idealTree:prePrune +-- yargs-parser@5.0.0
20 silly idealTree:prePrune | `-- camelcase@3.0.0
20 silly idealTree:prePrune `-- yargs@7.1.0
20 silly idealTree:prePrune   `-- camelcase@3.0.0
21 silly loadIdealTree Finishing
22 silly currentTree portfolio@1.0.2
22 silly currentTree +-- abbrev@1.1.1
22 silly currentTree +-- accepts@1.2.13
22 silly currentTree +-- ajv@5.5.2
22 silly currentTree +-- align-text@0.1.4
22 silly currentTree | `-- kind-of@3.2.2
22 silly currentTree +-- amdefine@1.0.1
22 silly currentTree +-- ansi-gray@0.1.1
22 silly currentTree +-- ansi-regex@2.1.1
22 silly currentTree +-- ansi-styles@2.2.1
22 silly currentTree +-- ansi-wrap@0.1.0
22 silly currentTree +-- aproba@1.2.0
22 silly currentTree +-- archy@1.0.0
22 silly currentTree +-- are-we-there-yet@1.1.4
22 silly currentTree | +-- isarray@1.0.0
22 silly currentTree | +-- readable-stream@2.3.6
22 silly currentTree | `-- string_decoder@1.1.1
22 silly currentTree +-- arr-diff@4.0.0
22 silly currentTree +-- arr-flatten@1.1.0
22 silly currentTree +-- arr-union@3.1.0
22 silly currentTree +-- array-differ@1.0.0
22 silly currentTree +-- array-each@1.0.1
22 silly currentTree +-- array-find-index@1.0.2
22 silly currentTree +-- array-slice@1.1.0
22 silly currentTree +-- array-uniq@1.0.3
22 silly currentTree +-- array-unique@0.3.2
22 silly currentTree +-- asn1@0.2.3
22 silly currentTree +-- assert-plus@1.0.0
22 silly currentTree +-- assign-symbols@1.0.0
22 silly currentTree +-- async-foreach@0.1.3
22 silly currentTree +-- async@0.2.10
22 silly currentTree +-- asynckit@0.4.0
22 silly currentTree +-- atob@2.1.1
22 silly currentTree +-- autoprefixer@6.7.7
22 silly currentTree +-- aws-sign2@0.7.0
22 silly currentTree +-- aws4@1.7.0
22 silly currentTree +-- balanced-match@1.0.0
22 silly currentTree +-- base@0.11.2
22 silly currentTree | +-- define-property@1.0.0
22 silly currentTree | +-- is-accessor-descriptor@1.0.0
22 silly currentTree | +-- is-data-descriptor@1.0.0
22 silly currentTree | `-- is-descriptor@1.0.2
22 silly currentTree +-- base64-url@1.2.1
22 silly currentTree +-- basic-auth-connect@1.0.0
22 silly currentTree +-- basic-auth@1.0.4
22 silly currentTree +-- batch@0.5.3
22 silly currentTree +-- bcrypt-pbkdf@1.0.1
22 silly currentTree +-- beeper@1.1.1
22 silly currentTree +-- block-stream@0.0.9
22 silly currentTree +-- body-parser@1.13.3
22 silly currentTree | +-- debug@2.2.0
22 silly currentTree | `-- ms@0.7.1
22 silly currentTree +-- boom@4.3.1
22 silly currentTree +-- bower@1.8.4
22 silly currentTree +-- brace-expansion@1.1.11
22 silly currentTree +-- braces@2.3.2
22 silly currentTree | `-- extend-shallow@2.0.1
22 silly currentTree +-- browserslist@1.7.7
22 silly currentTree +-- bufferstreams@1.0.1
22 silly currentTree +-- builtin-modules@1.1.1
22 silly currentTree +-- bytes@2.1.0
22 silly currentTree +-- cache-base@1.0.1
22 silly currentTree +-- camelcase-keys@2.1.0
22 silly currentTree +-- camelcase@2.1.1
22 silly currentTree +-- caniuse-db@1.0.30000839
22 silly currentTree +-- caseless@0.12.0
22 silly currentTree +-- center-align@0.1.3
22 silly currentTree +-- chalk@1.1.3
22 silly currentTree +-- class-utils@0.3.6
22 silly currentTree | `-- define-property@0.2.5
22 silly currentTree +-- clean-css@3.4.28
22 silly currentTree | `-- source-map@0.4.4
22 silly currentTree +-- cli@1.0.1
22 silly currentTree | +-- glob@7.1.2
22 silly currentTree | `-- minimatch@3.0.4
22 silly currentTree +-- cliui@3.2.0
22 silly currentTree +-- clone-buffer@1.0.0
22 silly currentTree +-- clone-stats@0.0.1
22 silly currentTree +-- clone@1.0.4
22 silly currentTree +-- cloneable-readable@1.1.2
22 silly currentTree | +-- isarray@1.0.0
22 silly currentTree | +-- readable-stream@2.3.6
22 silly currentTree | `-- string_decoder@1.1.1
22 silly currentTree +-- co@4.6.0
22 silly currentTree +-- code-point-at@1.1.0
22 silly currentTree +-- collection-visit@1.0.0
22 silly currentTree +-- color-support@1.1.3
22 silly currentTree +-- combined-stream@1.0.6
22 silly currentTree +-- commander@2.8.1
22 silly currentTree +-- component-emitter@1.2.1
22 silly currentTree +-- compressible@2.0.13
22 silly currentTree +-- compression@1.5.2
22 silly currentTree | +-- debug@2.2.0
22 silly currentTree | `-- ms@0.7.1
22 silly currentTree +-- concat-map@0.0.1
22 silly currentTree +-- concat-with-sourcemaps@1.1.0
22 silly currentTree | `-- source-map@0.6.1
22 silly currentTree +-- connect-livereload@0.5.4
22 silly currentTree +-- connect-timeout@1.6.2
22 silly currentTree | +-- debug@2.2.0
22 silly currentTree | `-- ms@0.7.1
22 silly currentTree +-- connect@2.30.2
22 silly currentTree | +-- debug@2.2.0
22 silly currentTree | `-- ms@0.7.1
22 silly currentTree +-- console-browserify@1.1.0
22 silly currentTree +-- console-control-strings@1.1.0
22 silly currentTree +-- content-type@1.0.4
22 silly currentTree +-- convert-source-map@1.5.1
22 silly currentTree +-- cookie-parser@1.3.5
22 silly currentTree +-- cookie-signature@1.0.6
22 silly currentTree +-- cookie@0.1.3
22 silly currentTree +-- copy-descriptor@0.1.1
22 silly currentTree +-- core-util-is@1.0.2
22 silly currentTree +-- crc@3.3.0
22 silly currentTree +-- cross-spawn@3.0.1
22 silly currentTree | `-- lru-cache@4.1.3
22 silly currentTree +-- cryptiles@3.1.2
22 silly currentTree | `-- boom@5.2.0
22 silly currentTree +-- csrf@3.0.6
22 silly currentTree +-- csurf@1.8.3
22 silly currentTree +-- currently-unhandled@0.4.1
22 silly currentTree +-- dashdash@1.14.1
22 silly currentTree +-- date-now@0.1.4
22 silly currentTree +-- dateformat@2.2.0
22 silly currentTree +-- deap@1.0.1
22 silly currentTree +-- debug@2.6.9
22 silly currentTree +-- decamelize@1.2.0
22 silly currentTree +-- decode-uri-component@0.2.0
22 silly currentTree +-- defaults@1.0.3
22 silly currentTree +-- define-property@2.0.2
22 silly currentTree | +-- is-accessor-descriptor@1.0.0
22 silly currentTree | +-- is-data-descriptor@1.0.0
22 silly currentTree | `-- is-descriptor@1.0.2
22 silly currentTree +-- delayed-stream@1.0.0
22 silly currentTree +-- delegates@1.0.0
22 silly currentTree +-- depd@1.0.1
22 silly currentTree +-- deprecated@0.0.1
22 silly currentTree +-- destroy@1.0.4
22 silly currentTree +-- detect-file@1.0.0
22 silly currentTree +-- dom-serializer@0.1.0
22 silly currentTree | +-- domelementtype@1.1.3
22 silly currentTree | `-- entities@1.1.1
22 silly currentTree +-- domelementtype@1.3.0
22 silly currentTree +-- domhandler@2.3.0
22 silly currentTree +-- domutils@1.5.1
22 silly currentTree +-- duplexer@0.1.1
22 silly currentTree +-- duplexer2@0.0.2
22 silly currentTree +-- duplexify@3.6.0
22 silly currentTree | +-- end-of-stream@1.4.1
22 silly currentTree | +-- isarray@1.0.0
22 silly currentTree | +-- once@1.4.0
22 silly currentTree | +-- readable-stream@2.3.6
22 silly currentTree | `-- string_decoder@1.1.1
22 silly currentTree +-- ecc-jsbn@0.1.1
22 silly currentTree +-- ee-first@1.1.1
22 silly currentTree +-- electron-to-chromium@1.3.45
22 silly currentTree +-- end-of-stream@0.1.5
22 silly currentTree +-- entities@1.0.0
22 silly currentTree +-- error-ex@1.3.1
22 silly currentTree +-- errorhandler@1.4.3
22 silly currentTree | +-- accepts@1.3.5
22 silly currentTree | `-- negotiator@0.6.1
22 silly currentTree +-- es6-promise@2.3.0
22 silly currentTree +-- escape-html@1.0.3
22 silly currentTree +-- escape-string-regexp@1.0.5
22 silly currentTree +-- etag@1.7.0
22 silly currentTree +-- event-stream@3.3.4
22 silly currentTree +-- exit@0.1.2
22 silly currentTree +-- expand-brackets@2.1.4
22 silly currentTree | +-- define-property@0.2.5
22 silly currentTree | `-- extend-shallow@2.0.1
22 silly currentTree +-- expand-range@1.8.2
22 silly currentTree | +-- fill-range@2.2.4
22 silly currentTree | +-- is-number@2.1.0
22 silly currentTree | +-- isarray@1.0.0
22 silly currentTree | +-- isobject@2.1.0
22 silly currentTree | `-- kind-of@3.2.2
22 silly currentTree +-- expand-tilde@2.0.2
22 silly currentTree +-- express-session@1.11.3
22 silly currentTree | +-- debug@2.2.0
22 silly currentTree | +-- ms@0.7.1
22 silly currentTree | `-- uid-safe@2.0.0
22 silly currentTree +-- extend-shallow@3.0.2
22 silly currentTree | `-- is-extendable@1.0.1
22 silly currentTree +-- extend@3.0.1
22 silly currentTree +-- extglob@2.0.4
22 silly currentTree | +-- define-property@1.0.0
22 silly currentTree | +-- extend-shallow@2.0.1
22 silly currentTree | +-- is-accessor-descriptor@1.0.0
22 silly currentTree | +-- is-data-descriptor@1.0.0
22 silly currentTree | `-- is-descriptor@1.0.2
22 silly currentTree +-- extsprintf@1.3.0
22 silly currentTree +-- fancy-log@1.3.2
22 silly currentTree +-- fast-deep-equal@1.1.0
22 silly currentTree +-- fast-json-stable-stringify@2.0.0
22 silly currentTree +-- faye-websocket@0.10.0
22 silly currentTree +-- filename-regex@2.0.1
22 silly currentTree +-- fill-range@4.0.0
22 silly currentTree | `-- extend-shallow@2.0.1
22 silly currentTree +-- finalhandler@0.4.0
22 silly currentTree | +-- debug@2.2.0
22 silly currentTree | +-- escape-html@1.0.2
22 silly currentTree | `-- ms@0.7.1
22 silly currentTree +-- find-index@0.1.1
22 silly currentTree +-- find-up@1.1.2
22 silly currentTree +-- findup-sync@2.0.0
22 silly currentTree +-- fined@1.1.0
22 silly currentTree +-- first-chunk-stream@1.0.0
22 silly currentTree +-- flagged-respawn@1.0.0
22 silly currentTree +-- for-in@1.0.2
22 silly currentTree +-- for-own@1.0.0
22 silly currentTree +-- forever-agent@0.6.1
22 silly currentTree +-- form-data@2.3.2
22 silly currentTree +-- fragment-cache@0.2.1
22 silly currentTree +-- fresh@0.3.0
22 silly currentTree +-- from@0.1.7
22 silly currentTree +-- fs.realpath@1.0.0
22 silly currentTree +-- fstream@1.0.11
22 silly currentTree | `-- graceful-fs@4.1.11
22 silly currentTree +-- gauge@2.7.4
22 silly currentTree | `-- object-assign@4.1.1
22 silly currentTree +-- gaze@0.5.2
22 silly currentTree +-- get-caller-file@1.0.2
22 silly currentTree +-- get-stdin@4.0.1
22 silly currentTree +-- get-value@2.0.6
22 silly currentTree +-- getpass@0.1.7
22 silly currentTree +-- gift@0.6.1
22 silly currentTree +-- glob-base@0.3.0
22 silly currentTree | +-- glob-parent@2.0.0
22 silly currentTree | +-- is-extglob@1.0.0
22 silly currentTree | `-- is-glob@2.0.1
22 silly currentTree +-- glob-parent@3.1.0
22 silly currentTree +-- glob-stream@3.1.18
22 silly currentTree | +-- readable-stream@1.0.34
22 silly currentTree | `-- through2@0.6.5
22 silly currentTree +-- glob-watcher@0.0.6
22 silly currentTree +-- glob@4.5.3
22 silly currentTree +-- glob2base@0.0.12
22 silly currentTree +-- global-modules@1.0.0
22 silly currentTree +-- global-prefix@1.0.2
22 silly currentTree +-- globule@0.1.0
22 silly currentTree | +-- glob@3.1.21
22 silly currentTree | +-- graceful-fs@1.2.3
22 silly currentTree | +-- inherits@1.0.2
22 silly currentTree | `-- minimatch@0.2.14
22 silly currentTree +-- glogg@1.0.1
22 silly currentTree +-- graceful-fs@3.0.11
22 silly currentTree +-- graceful-readlink@1.0.1
22 silly currentTree +-- gulp-autoprefixer@3.1.1
22 silly currentTree +-- gulp-concat@2.6.1
22 silly currentTree | +-- clone-stats@1.0.0
22 silly currentTree | +-- clone@2.1.1
22 silly currentTree | +-- replace-ext@1.0.0
22 silly currentTree | `-- vinyl@2.1.0
22 silly currentTree +-- gulp-connect@2.3.1
22 silly currentTree +-- gulp-gh-pages@0.5.4
22 silly currentTree | +-- arr-diff@2.0.0
22 silly currentTree | +-- array-unique@0.2.1
22 silly currentTree | +-- braces@1.8.5
22 silly currentTree | +-- expand-brackets@0.1.5
22 silly currentTree | +-- extglob@0.3.2
22 silly currentTree | +-- glob-stream@5.3.5
22 silly currentTree | | +-- isarray@0.0.1
22 silly currentTree | | +-- readable-stream@1.0.34
22 silly currentTree | | +-- string_decoder@0.10.31
22 silly currentTree | | `-- through2@0.6.5
22 silly currentTree | +-- glob@5.0.15
22 silly currentTree | +-- graceful-fs@4.1.11
22 silly currentTree | +-- is-extglob@1.0.0
22 silly currentTree | +-- is-glob@2.0.1
22 silly currentTree | +-- isarray@1.0.0
22 silly currentTree | +-- kind-of@3.2.2
22 silly currentTree | +-- micromatch@2.3.11
22 silly currentTree | +-- object-assign@4.1.1
22 silly currentTree | +-- ordered-read-streams@0.3.0
22 silly currentTree | +-- readable-stream@2.3.6
22 silly currentTree | +-- string_decoder@1.1.1
22 silly currentTree | +-- strip-bom@2.0.0
22 silly currentTree | +-- unique-stream@2.2.1
22 silly currentTree | +-- vinyl-fs@2.4.4
22 silly currentTree | `-- vinyl@1.2.0
22 silly currentTree +-- gulp-jshint@1.12.0
22 silly currentTree | +-- lodash@3.10.1
22 silly currentTree | +-- readable-stream@1.0.34
22 silly currentTree | `-- through2@0.6.5
22 silly currentTree +-- gulp-minify-css@1.2.4
22 silly currentTree | +-- isarray@1.0.0
22 silly currentTree | +-- object-assign@4.1.1
22 silly currentTree | +-- readable-stream@2.3.6
22 silly currentTree | `-- string_decoder@1.1.1
22 silly currentTree +-- gulp-rename@1.2.2
22 silly currentTree +-- gulp-sass@2.3.2
22 silly currentTree +-- gulp-sourcemaps@1.6.0
22 silly currentTree | +-- graceful-fs@4.1.11
22 silly currentTree | +-- strip-bom@2.0.0
22 silly currentTree | `-- vinyl@1.2.0
22 silly currentTree +-- gulp-uglify@1.5.4
22 silly currentTree | +-- isarray@1.0.0
22 silly currentTree | `-- isobject@2.1.0
22 silly currentTree +-- gulp-util@3.0.8
22 silly currentTree +-- gulp@3.9.1
22 silly currentTree +-- gulplog@1.0.0
22 silly currentTree +-- har-schema@2.0.0
22 silly currentTree +-- har-validator@5.0.3
22 silly currentTree +-- has-ansi@2.0.0
22 silly currentTree +-- has-flag@1.0.0
22 silly currentTree +-- has-gulplog@0.1.0
22 silly currentTree +-- has-unicode@2.0.1
22 silly currentTree +-- has-value@1.0.0
22 silly currentTree +-- has-values@1.0.0
22 silly currentTree | `-- kind-of@4.0.0
22 silly currentTree +-- hawk@6.0.2
22 silly currentTree +-- hoek@4.2.1
22 silly currentTree +-- homedir-polyfill@1.0.1
22 silly currentTree +-- hosted-git-info@2.6.0
22 silly currentTree +-- htmlparser2@3.8.3
22 silly currentTree +-- http-errors@1.3.1
22 silly currentTree +-- http-parser-js@0.4.12
22 silly currentTree +-- http-signature@1.2.0
22 silly currentTree +-- iconv-lite@0.4.11
22 silly currentTree +-- in-publish@2.0.0
22 silly currentTree +-- indent-string@2.1.0
22 silly currentTree +-- inflight@1.0.6
22 silly currentTree +-- inherits@2.0.3
22 silly currentTree +-- ini@1.3.5
22 silly currentTree +-- interpret@1.1.0
22 silly currentTree +-- invert-kv@1.0.0
22 silly currentTree +-- is-absolute@1.0.0
22 silly currentTree +-- is-accessor-descriptor@0.1.6
22 silly currentTree | `-- kind-of@3.2.2
22 silly currentTree +-- is-arrayish@0.2.1
22 silly currentTree +-- is-buffer@1.1.6
22 silly currentTree +-- is-builtin-module@1.0.0
22 silly currentTree +-- is-data-descriptor@0.1.4
22 silly currentTree | `-- kind-of@3.2.2
22 silly currentTree +-- is-descriptor@0.1.6
22 silly currentTree | `-- kind-of@5.1.0
22 silly currentTree +-- is-dotfile@1.0.3
22 silly currentTree +-- is-equal-shallow@0.1.3
22 silly currentTree +-- is-extendable@0.1.1
22 silly currentTree +-- is-extglob@2.1.1
22 silly currentTree +-- is-finite@1.0.2
22 silly currentTree +-- is-fullwidth-code-point@1.0.0
22 silly currentTree +-- is-glob@3.1.0
22 silly currentTree +-- is-number@3.0.0
22 silly currentTree | `-- kind-of@3.2.2
22 silly currentTree +-- is-odd@2.0.0
22 silly currentTree | `-- is-number@4.0.0
22 silly currentTree +-- is-plain-object@2.0.4
22 silly currentTree +-- is-posix-bracket@0.1.1
22 silly currentTree +-- is-primitive@2.0.0
22 silly currentTree +-- is-relative@1.0.0
22 silly currentTree +-- is-stream@1.1.0
22 silly currentTree +-- is-typedarray@1.0.0
22 silly currentTree +-- is-unc-path@1.0.0
22 silly currentTree +-- is-utf8@0.2.1
22 silly currentTree +-- is-valid-glob@0.3.0
22 silly currentTree +-- is-windows@1.0.2
22 silly currentTree +-- isarray@0.0.1
22 silly currentTree +-- isexe@2.0.0
22 silly currentTree +-- isobject@3.0.1
22 silly currentTree +-- isstream@0.1.2
22 silly currentTree +-- js-base64@2.4.3
22 silly currentTree +-- jsbn@0.1.1
22 silly currentTree +-- jshint@2.9.5
22 silly currentTree | +-- lodash@3.7.0
22 silly currentTree | `-- minimatch@3.0.4
22 silly currentTree +-- json-schema-traverse@0.3.1
22 silly currentTree +-- json-schema@0.2.3
22 silly currentTree +-- json-stable-stringify@1.0.1
22 silly currentTree +-- json-stringify-safe@5.0.1
22 silly currentTree +-- jsonify@0.0.0
22 silly currentTree +-- jsprim@1.4.1
22 silly currentTree +-- kind-of@6.0.2
22 silly currentTree +-- lazy-cache@1.0.4
22 silly currentTree +-- lazystream@1.0.0
22 silly currentTree | +-- isarray@1.0.0
22 silly currentTree | +-- readable-stream@2.3.6
22 silly currentTree | `-- string_decoder@1.1.1
22 silly currentTree +-- lcid@1.0.0
22 silly currentTree +-- liftoff@2.5.0
22 silly currentTree +-- livereload-js@2.3.0
22 silly currentTree +-- load-json-file@1.1.0
22 silly currentTree | +-- graceful-fs@4.1.11
22 silly currentTree | `-- strip-bom@2.0.0
22 silly currentTree +-- lodash._basecopy@3.0.1
22 silly currentTree +-- lodash._basetostring@3.0.1
22 silly currentTree +-- lodash._basevalues@3.0.0
22 silly currentTree +-- lodash._getnative@3.9.1
22 silly currentTree +-- lodash._isiterateecall@3.0.9
22 silly currentTree +-- lodash._reescape@3.0.0
22 silly currentTree +-- lodash._reevaluate@3.0.0
22 silly currentTree +-- lodash._reinterpolate@3.0.0
22 silly currentTree +-- lodash._root@3.0.1
22 silly currentTree +-- lodash.assign@4.2.0
22 silly currentTree +-- lodash.clonedeep@4.5.0
22 silly currentTree +-- lodash.escape@3.2.0
22 silly currentTree +-- lodash.isarguments@3.1.0
22 silly currentTree +-- lodash.isarray@3.0.4
22 silly currentTree +-- lodash.isequal@4.5.0
22 silly currentTree +-- lodash.keys@3.1.2
22 silly currentTree +-- lodash.restparam@3.6.1
22 silly currentTree +-- lodash.template@3.6.2
22 silly currentTree +-- lodash.templatesettings@3.1.1
22 silly currentTree +-- lodash@1.0.2
22 silly currentTree +-- longest@1.0.1
22 silly currentTree +-- loud-rejection@1.6.0
22 silly currentTree +-- lru-cache@2.7.3
22 silly currentTree +-- make-iterator@1.0.1
22 silly currentTree +-- map-cache@0.2.2
22 silly currentTree +-- map-obj@1.0.1
22 silly currentTree +-- map-stream@0.1.0
22 silly currentTree +-- map-visit@1.0.0
22 silly currentTree +-- math-random@1.0.1
22 silly currentTree +-- media-typer@0.3.0
22 silly currentTree +-- meow@3.7.0
22 silly currentTree | `-- object-assign@4.1.1
22 silly currentTree +-- merge-stream@1.0.1
22 silly currentTree | +-- isarray@1.0.0
22 silly currentTree | +-- readable-stream@2.3.6
22 silly currentTree | `-- string_decoder@1.1.1
22 silly currentTree +-- method-override@2.3.10
22 silly currentTree | `-- vary@1.1.2
22 silly currentTree +-- methods@1.1.2
22 silly currentTree +-- micromatch@3.1.10
22 silly currentTree +-- mime-db@1.33.0
22 silly currentTree +-- mime-types@2.1.18
22 silly currentTree +-- mime@1.3.4
22 silly currentTree +-- minimatch@2.0.10
22 silly currentTree +-- minimist@1.2.0
22 silly currentTree +-- mixin-deep@1.3.1
22 silly currentTree | `-- is-extendable@1.0.1
22 silly currentTree +-- mkdirp@0.5.1
22 silly currentTree | `-- minimist@0.0.8
22 silly currentTree +-- morgan@1.6.1
22 silly currentTree | +-- debug@2.2.0
22 silly currentTree | `-- ms@0.7.1
22 silly currentTree +-- ms@2.0.0
22 silly currentTree +-- multiparty@3.3.2
22 silly currentTree +-- multipipe@0.1.2
22 silly currentTree +-- nan@2.10.0
22 silly currentTree +-- nanomatch@1.2.9
22 silly currentTree +-- natives@1.1.3
22 silly currentTree +-- negotiator@0.5.3
22 silly currentTree +-- node-gyp@3.6.2
22 silly currentTree | +-- glob@7.1.2
22 silly currentTree | +-- graceful-fs@4.1.11
22 silly currentTree | +-- minimatch@3.0.4
22 silly currentTree | `-- semver@5.3.0
22 silly currentTree +-- node-sass@3.13.1
22 silly currentTree | +-- gaze@1.1.2
22 silly currentTree | +-- glob@7.1.2
22 silly currentTree | +-- globule@1.2.0
22 silly currentTree | +-- lodash@4.17.10
22 silly currentTree | `-- minimatch@3.0.4
22 silly currentTree +-- nopt@3.0.6
22 silly currentTree +-- normalize-package-data@2.4.0
22 silly currentTree +-- normalize-path@2.1.1
22 silly currentTree +-- normalize-range@0.1.2
22 silly currentTree +-- npmlog@4.1.2
22 silly currentTree +-- num2fraction@1.2.2
22 silly currentTree +-- number-is-nan@1.0.1
22 silly currentTree +-- oauth-sign@0.8.2
22 silly currentTree +-- object-assign@3.0.0
22 silly currentTree +-- object-copy@0.1.0
22 silly currentTree | +-- define-property@0.2.5
22 silly currentTree | `-- kind-of@3.2.2
22 silly currentTree +-- object-visit@1.0.1
22 silly currentTree +-- object.defaults@1.1.0
22 silly currentTree +-- object.map@1.0.1
22 silly currentTree +-- object.omit@2.0.1
22 silly currentTree | `-- for-own@0.1.5
22 silly currentTree +-- object.pick@1.3.0
22 silly currentTree +-- on-finished@2.3.0
22 silly currentTree +-- on-headers@1.0.1
22 silly currentTree +-- once@1.3.3
22 silly currentTree +-- orchestrator@0.3.8
22 silly currentTree +-- ordered-read-streams@0.1.0
22 silly currentTree +-- os-homedir@1.0.2
22 silly currentTree +-- os-locale@1.4.0
22 silly currentTree +-- os-tmpdir@1.0.2
22 silly currentTree +-- osenv@0.1.5
22 silly currentTree +-- parse-filepath@1.0.2
22 silly currentTree +-- parse-glob@3.0.4
22 silly currentTree | +-- is-extglob@1.0.0
22 silly currentTree | `-- is-glob@2.0.1
22 silly currentTree +-- parse-json@2.2.0
22 silly currentTree +-- parse-passwd@1.0.0
22 silly currentTree +-- parseurl@1.3.2
22 silly currentTree +-- pascalcase@0.1.1
22 silly currentTree +-- path-dirname@1.0.2
22 silly currentTree +-- path-exists@2.1.0
22 silly currentTree +-- path-is-absolute@1.0.1
22 silly currentTree +-- path-parse@1.0.5
22 silly currentTree +-- path-root-regex@0.1.2
22 silly currentTree +-- path-root@0.1.1
22 silly currentTree +-- path-type@1.1.0
22 silly currentTree | `-- graceful-fs@4.1.11
22 silly currentTree +-- pause-stream@0.0.11
22 silly currentTree +-- pause@0.1.0
22 silly currentTree +-- performance-now@2.1.0
22 silly currentTree +-- pify@2.3.0
22 silly currentTree +-- pinkie-promise@2.0.1
22 silly currentTree +-- pinkie@2.0.4
22 silly currentTree +-- posix-character-classes@0.1.1
22 silly currentTree +-- postcss-value-parser@3.3.0
22 silly currentTree +-- postcss@5.2.18
22 silly currentTree | `-- supports-color@3.2.3
22 silly currentTree +-- preserve@0.2.0
22 silly currentTree +-- pretty-hrtime@1.0.3
22 silly currentTree +-- process-nextick-args@2.0.0
22 silly currentTree +-- pseudomap@1.0.2
22 silly currentTree +-- punycode@1.4.1
22 silly currentTree +-- qs@4.0.0
22 silly currentTree +-- random-bytes@1.0.0
22 silly currentTree +-- randomatic@3.0.0
22 silly currentTree | `-- is-number@4.0.0
22 silly currentTree +-- range-parser@1.0.3
22 silly currentTree +-- raw-body@2.1.7
22 silly currentTree | +-- bytes@2.4.0
22 silly currentTree | `-- iconv-lite@0.4.13
22 silly currentTree +-- rcfinder@0.1.9
22 silly currentTree +-- rcloader@0.1.2
22 silly currentTree | `-- lodash@2.4.2
22 silly currentTree +-- read-pkg-up@1.0.1
22 silly currentTree +-- read-pkg@1.1.0
22 silly currentTree +-- readable-stream@1.1.14
22 silly currentTree +-- rechoir@0.6.2
22 silly currentTree +-- redent@1.0.0
22 silly currentTree +-- regex-cache@0.4.4
22 silly currentTree +-- regex-not@1.0.2
22 silly currentTree +-- remove-trailing-separator@1.1.0
22 silly currentTree +-- repeat-element@1.1.2
22 silly currentTree +-- repeat-string@1.6.1
22 silly currentTree +-- repeating@2.0.1
22 silly currentTree +-- replace-ext@0.0.1
22 silly currentTree +-- request@2.85.0
22 silly currentTree | `-- qs@6.5.2
22 silly currentTree +-- require-directory@2.1.1
22 silly currentTree +-- require-main-filename@1.0.1
22 silly currentTree +-- resolve-dir@1.0.1
22 silly currentTree +-- resolve-url@0.2.1
22 silly currentTree +-- resolve@1.7.1
22 silly currentTree +-- response-time@2.3.2
22 silly currentTree | `-- depd@1.1.2
22 silly currentTree +-- ret@0.1.15
22 silly currentTree +-- right-align@0.1.3
22 silly currentTree +-- rimraf@2.6.2
22 silly currentTree | +-- glob@7.1.2
22 silly currentTree | `-- minimatch@3.0.4
22 silly currentTree +-- rndm@1.2.0
22 silly currentTree +-- safe-buffer@5.1.2
22 silly currentTree +-- safe-regex@1.1.0
22 silly currentTree +-- sass-graph@2.2.4
22 silly currentTree | +-- glob@7.1.2
22 silly currentTree | +-- lodash@4.17.10
22 silly currentTree | `-- minimatch@3.0.4
22 silly currentTree +-- scss-tokenizer@0.2.3
22 silly currentTree | `-- source-map@0.4.4
22 silly currentTree +-- semver@4.3.6
22 silly currentTree +-- send@0.13.2
22 silly currentTree | +-- debug@2.2.0
22 silly currentTree | +-- depd@1.1.2
22 silly currentTree | +-- ms@0.7.1
22 silly currentTree | `-- statuses@1.2.1
22 silly currentTree +-- sequencify@0.0.7
22 silly currentTree +-- serve-favicon@2.3.2
22 silly currentTree | `-- ms@0.7.2
22 silly currentTree +-- serve-index@1.7.3
22 silly currentTree | +-- debug@2.2.0
22 silly currentTree | `-- ms@0.7.1
22 silly currentTree +-- serve-static@1.10.3
22 silly currentTree +-- set-blocking@2.0.0
22 silly currentTree +-- set-value@2.0.0
22 silly currentTree | `-- extend-shallow@2.0.1
22 silly currentTree +-- shelljs@0.3.0
22 silly currentTree +-- sigmund@1.0.1
22 silly currentTree +-- signal-exit@3.0.2
22 silly currentTree +-- snapdragon-node@2.1.1
22 silly currentTree | +-- define-property@1.0.0
22 silly currentTree | +-- is-accessor-descriptor@1.0.0
22 silly currentTree | +-- is-data-descriptor@1.0.0
22 silly currentTree | `-- is-descriptor@1.0.2
22 silly currentTree +-- snapdragon-util@3.0.1
22 silly currentTree | `-- kind-of@3.2.2
22 silly currentTree +-- snapdragon@0.8.2
22 silly currentTree | +-- define-property@0.2.5
22 silly currentTree | `-- extend-shallow@2.0.1
22 silly currentTree +-- sntp@2.1.0
22 silly currentTree +-- source-map-resolve@0.5.2
22 silly currentTree +-- source-map-url@0.4.0
22 silly currentTree +-- source-map@0.5.7
22 silly currentTree +-- sparkles@1.0.0
22 silly currentTree +-- spdx-correct@3.0.0
22 silly currentTree +-- spdx-exceptions@2.1.0
22 silly currentTree +-- spdx-expression-parse@3.0.0
22 silly currentTree +-- spdx-license-ids@3.0.0
22 silly currentTree +-- split-string@3.1.0
22 silly currentTree +-- split@0.3.3
22 silly currentTree +-- sshpk@1.14.1
22 silly currentTree +-- static-extend@0.1.2
22 silly currentTree | `-- define-property@0.2.5
22 silly currentTree +-- statuses@1.5.0
22 silly currentTree +-- stream-combiner@0.0.4
22 silly currentTree +-- stream-consume@0.1.1
22 silly currentTree +-- stream-counter@0.2.0
22 silly currentTree +-- stream-shift@1.0.0
22 silly currentTree +-- string_decoder@0.10.31
22 silly currentTree +-- string-width@1.0.2
22 silly currentTree +-- stringstream@0.0.5
22 silly currentTree +-- strip-ansi@3.0.1
22 silly currentTree +-- strip-bom-stream@1.0.0
22 silly currentTree | `-- strip-bom@2.0.0
22 silly currentTree +-- strip-bom@1.0.0
22 silly currentTree +-- strip-indent@1.0.1
22 silly currentTree +-- strip-json-comments@1.0.4
22 silly currentTree +-- supports-color@2.0.0
22 silly currentTree +-- tar@2.2.1
22 silly currentTree +-- through@2.3.8
22 silly currentTree +-- through2-filter@2.0.0
22 silly currentTree +-- through2@2.0.3
22 silly currentTree | +-- isarray@1.0.0
22 silly currentTree | +-- readable-stream@2.3.6
22 silly currentTree | `-- string_decoder@1.1.1
22 silly currentTree +-- tildify@1.2.0
22 silly currentTree +-- time-stamp@1.1.0
22 silly currentTree +-- tiny-lr@0.2.1
22 silly currentTree | +-- body-parser@1.14.2
22 silly currentTree | | `-- qs@5.2.0
22 silly currentTree | +-- bytes@2.2.0
22 silly currentTree | +-- debug@2.2.0
22 silly currentTree | +-- depd@1.1.2
22 silly currentTree | +-- iconv-lite@0.4.13
22 silly currentTree | +-- ms@0.7.1
22 silly currentTree | `-- qs@5.1.0
22 silly currentTree +-- to-absolute-glob@0.1.1
22 silly currentTree | `-- extend-shallow@2.0.1
22 silly currentTree +-- to-object-path@0.3.0
22 silly currentTree | `-- kind-of@3.2.2
22 silly currentTree +-- to-regex-range@2.1.1
22 silly currentTree +-- to-regex@3.0.2
22 silly currentTree +-- tough-cookie@2.3.4
22 silly currentTree +-- trim-newlines@1.0.0
22 silly currentTree +-- tsscmp@1.0.5
22 silly currentTree +-- tunnel-agent@0.6.0
22 silly currentTree +-- tweetnacl@0.14.5
22 silly currentTree +-- type-is@1.6.16
22 silly currentTree +-- uglify-js@2.6.4
22 silly currentTree | +-- camelcase@1.2.1
22 silly currentTree | +-- cliui@2.1.0
22 silly currentTree | `-- yargs@3.10.0
22 silly currentTree +-- uglify-save-license@0.4.1
22 silly currentTree +-- uglify-to-browserify@1.0.2
22 silly currentTree +-- uid-safe@2.1.4
22 silly currentTree +-- unc-path-regex@0.1.2
22 silly currentTree +-- underscore@1.9.0
22 silly currentTree +-- union-value@1.0.0
22 silly currentTree | +-- extend-shallow@2.0.1
22 silly currentTree | `-- set-value@0.4.3
22 silly currentTree +-- unique-stream@1.0.0
22 silly currentTree +-- unpipe@1.0.0
22 silly currentTree +-- unset-value@1.0.0
22 silly currentTree | +-- has-value@0.3.1
22 silly currentTree | | `-- isobject@2.1.0
22 silly currentTree | +-- has-values@0.1.4
22 silly currentTree | `-- isarray@1.0.0
22 silly currentTree +-- urix@0.1.0
22 silly currentTree +-- use@3.1.0
22 silly currentTree +-- user-home@1.1.1
22 silly currentTree +-- util-deprecate@1.0.2
22 silly currentTree +-- utils-merge@1.0.0
22 silly currentTree +-- uuid@3.2.1
22 silly currentTree +-- v8flags@2.1.1
22 silly currentTree +-- vali-date@1.0.0
22 silly currentTree +-- validate-npm-package-license@3.0.3
22 silly currentTree +-- vary@1.0.1
22 silly currentTree +-- verror@1.10.0
22 silly currentTree +-- vhost@3.0.2
22 silly currentTree +-- vinyl-bufferstream@1.0.1
22 silly currentTree +-- vinyl-fs@0.3.14
22 silly currentTree | +-- clone@0.2.0
22 silly currentTree | +-- readable-stream@1.0.34
22 silly currentTree | +-- through2@0.6.5
22 silly currentTree | `-- vinyl@0.4.6
22 silly currentTree +-- vinyl-sourcemaps-apply@0.2.1
22 silly currentTree +-- vinyl@0.5.3
22 silly currentTree +-- websocket-driver@0.7.0
22 silly currentTree +-- websocket-extensions@0.1.3
22 silly currentTree +-- which-module@1.0.0
22 silly currentTree +-- which@1.3.0
22 silly currentTree +-- wide-align@1.1.2
22 silly currentTree +-- window-size@0.1.0
22 silly currentTree +-- wordwrap@0.0.2
22 silly currentTree +-- wrap-ansi@2.1.0
22 silly currentTree +-- wrap-promise@1.0.1
22 silly currentTree +-- wrappy@1.0.2
22 silly currentTree +-- xtend@4.0.1
22 silly currentTree +-- y18n@3.2.1
22 silly currentTree +-- yallist@2.1.2
22 silly currentTree +-- yargs-parser@5.0.0
22 silly currentTree | `-- camelcase@3.0.0
22 silly currentTree `-- yargs@7.1.0
22 silly currentTree   `-- camelcase@3.0.0
23 silly idealTree portfolio@1.0.2
23 silly idealTree +-- abbrev@1.1.1
23 silly idealTree +-- accepts@1.2.13
23 silly idealTree +-- ajv@5.5.2
23 silly idealTree +-- align-text@0.1.4
23 silly idealTree | `-- kind-of@3.2.2
23 silly idealTree +-- amdefine@1.0.1
23 silly idealTree +-- ansi-gray@0.1.1
23 silly idealTree +-- ansi-regex@2.1.1
23 silly idealTree +-- ansi-styles@2.2.1
23 silly idealTree +-- ansi-wrap@0.1.0
23 silly idealTree +-- aproba@1.2.0
23 silly idealTree +-- archy@1.0.0
23 silly idealTree +-- are-we-there-yet@1.1.4
23 silly idealTree | +-- isarray@1.0.0
23 silly idealTree | +-- readable-stream@2.3.6
23 silly idealTree | `-- string_decoder@1.1.1
23 silly idealTree +-- arr-diff@4.0.0
23 silly idealTree +-- arr-flatten@1.1.0
23 silly idealTree +-- arr-union@3.1.0
23 silly idealTree +-- array-differ@1.0.0
23 silly idealTree +-- array-each@1.0.1
23 silly idealTree +-- array-find-index@1.0.2
23 silly idealTree +-- array-slice@1.1.0
23 silly idealTree +-- array-uniq@1.0.3
23 silly idealTree +-- array-unique@0.3.2
23 silly idealTree +-- asn1@0.2.3
23 silly idealTree +-- assert-plus@1.0.0
23 silly idealTree +-- assign-symbols@1.0.0
23 silly idealTree +-- async-foreach@0.1.3
23 silly idealTree +-- async@0.2.10
23 silly idealTree +-- asynckit@0.4.0
23 silly idealTree +-- atob@2.1.1
23 silly idealTree +-- autoprefixer@6.7.7
23 silly idealTree +-- aws-sign2@0.7.0
23 silly idealTree +-- aws4@1.7.0
23 silly idealTree +-- balanced-match@1.0.0
23 silly idealTree +-- base@0.11.2
23 silly idealTree | +-- define-property@1.0.0
23 silly idealTree | +-- is-accessor-descriptor@1.0.0
23 silly idealTree | +-- is-data-descriptor@1.0.0
23 silly idealTree | `-- is-descriptor@1.0.2
23 silly idealTree +-- base64-url@1.2.1
23 silly idealTree +-- basic-auth-connect@1.0.0
23 silly idealTree +-- basic-auth@1.0.4
23 silly idealTree +-- batch@0.5.3
23 silly idealTree +-- bcrypt-pbkdf@1.0.1
23 silly idealTree +-- beeper@1.1.1
23 silly idealTree +-- block-stream@0.0.9
23 silly idealTree +-- body-parser@1.13.3
23 silly idealTree | +-- debug@2.2.0
23 silly idealTree | `-- ms@0.7.1
23 silly idealTree +-- boom@4.3.1
23 silly idealTree +-- bower@1.8.4
23 silly idealTree +-- brace-expansion@1.1.11
23 silly idealTree +-- braces@2.3.2
23 silly idealTree | `-- extend-shallow@2.0.1
23 silly idealTree +-- browserslist@1.7.7
23 silly idealTree +-- bufferstreams@1.0.1
23 silly idealTree +-- builtin-modules@1.1.1
23 silly idealTree +-- bytes@2.1.0
23 silly idealTree +-- cache-base@1.0.1
23 silly idealTree +-- camelcase-keys@2.1.0
23 silly idealTree +-- camelcase@2.1.1
23 silly idealTree +-- caniuse-db@1.0.30000839
23 silly idealTree +-- caseless@0.12.0
23 silly idealTree +-- center-align@0.1.3
23 silly idealTree +-- chalk@1.1.3
23 silly idealTree +-- class-utils@0.3.6
23 silly idealTree | `-- define-property@0.2.5
23 silly idealTree +-- clean-css@3.4.28
23 silly idealTree | `-- source-map@0.4.4
23 silly idealTree +-- cli@1.0.1
23 silly idealTree | +-- glob@7.1.2
23 silly idealTree | `-- minimatch@3.0.4
23 silly idealTree +-- cliui@3.2.0
23 silly idealTree +-- clone-buffer@1.0.0
23 silly idealTree +-- clone-stats@0.0.1
23 silly idealTree +-- clone@1.0.4
23 silly idealTree +-- cloneable-readable@1.1.2
23 silly idealTree | +-- isarray@1.0.0
23 silly idealTree | +-- readable-stream@2.3.6
23 silly idealTree | `-- string_decoder@1.1.1
23 silly idealTree +-- co@4.6.0
23 silly idealTree +-- code-point-at@1.1.0
23 silly idealTree +-- collection-visit@1.0.0
23 silly idealTree +-- color-support@1.1.3
23 silly idealTree +-- combined-stream@1.0.6
23 silly idealTree +-- commander@2.8.1
23 silly idealTree +-- component-emitter@1.2.1
23 silly idealTree +-- compressible@2.0.13
23 silly idealTree +-- compression@1.5.2
23 silly idealTree | +-- debug@2.2.0
23 silly idealTree | `-- ms@0.7.1
23 silly idealTree +-- concat-map@0.0.1
23 silly idealTree +-- concat-with-sourcemaps@1.1.0
23 silly idealTree | `-- source-map@0.6.1
23 silly idealTree +-- connect-livereload@0.5.4
23 silly idealTree +-- connect-timeout@1.6.2
23 silly idealTree | +-- debug@2.2.0
23 silly idealTree | `-- ms@0.7.1
23 silly idealTree +-- connect@2.30.2
23 silly idealTree | +-- debug@2.2.0
23 silly idealTree | `-- ms@0.7.1
23 silly idealTree +-- console-browserify@1.1.0
23 silly idealTree +-- console-control-strings@1.1.0
23 silly idealTree +-- content-type@1.0.4
23 silly idealTree +-- convert-source-map@1.5.1
23 silly idealTree +-- cookie-parser@1.3.5
23 silly idealTree +-- cookie-signature@1.0.6
23 silly idealTree +-- cookie@0.1.3
23 silly idealTree +-- copy-descriptor@0.1.1
23 silly idealTree +-- core-util-is@1.0.2
23 silly idealTree +-- crc@3.3.0
23 silly idealTree +-- cross-spawn@3.0.1
23 silly idealTree | `-- lru-cache@4.1.3
23 silly idealTree +-- cryptiles@3.1.2
23 silly idealTree | `-- boom@5.2.0
23 silly idealTree +-- csrf@3.0.6
23 silly idealTree +-- csurf@1.8.3
23 silly idealTree +-- currently-unhandled@0.4.1
23 silly idealTree +-- dashdash@1.14.1
23 silly idealTree +-- date-now@0.1.4
23 silly idealTree +-- dateformat@2.2.0
23 silly idealTree +-- deap@1.0.1
23 silly idealTree +-- debug@2.6.9
23 silly idealTree +-- decamelize@1.2.0
23 silly idealTree +-- decode-uri-component@0.2.0
23 silly idealTree +-- defaults@1.0.3
23 silly idealTree +-- define-property@2.0.2
23 silly idealTree | +-- is-accessor-descriptor@1.0.0
23 silly idealTree | +-- is-data-descriptor@1.0.0
23 silly idealTree | `-- is-descriptor@1.0.2
23 silly idealTree +-- delayed-stream@1.0.0
23 silly idealTree +-- delegates@1.0.0
23 silly idealTree +-- depd@1.0.1
23 silly idealTree +-- deprecated@0.0.1
23 silly idealTree +-- destroy@1.0.4
23 silly idealTree +-- detect-file@1.0.0
23 silly idealTree +-- dom-serializer@0.1.0
23 silly idealTree | +-- domelementtype@1.1.3
23 silly idealTree | `-- entities@1.1.1
23 silly idealTree +-- domelementtype@1.3.0
23 silly idealTree +-- domhandler@2.3.0
23 silly idealTree +-- domutils@1.5.1
23 silly idealTree +-- duplexer@0.1.1
23 silly idealTree +-- duplexer2@0.0.2
23 silly idealTree +-- duplexify@3.6.0
23 silly idealTree | +-- end-of-stream@1.4.1
23 silly idealTree | +-- isarray@1.0.0
23 silly idealTree | +-- once@1.4.0
23 silly idealTree | +-- readable-stream@2.3.6
23 silly idealTree | `-- string_decoder@1.1.1
23 silly idealTree +-- ecc-jsbn@0.1.1
23 silly idealTree +-- ee-first@1.1.1
23 silly idealTree +-- electron-to-chromium@1.3.45
23 silly idealTree +-- end-of-stream@0.1.5
23 silly idealTree +-- entities@1.0.0
23 silly idealTree +-- error-ex@1.3.1
23 silly idealTree +-- errorhandler@1.4.3
23 silly idealTree | +-- accepts@1.3.5
23 silly idealTree | `-- negotiator@0.6.1
23 silly idealTree +-- es6-promise@2.3.0
23 silly idealTree +-- escape-html@1.0.3
23 silly idealTree +-- escape-string-regexp@1.0.5
23 silly idealTree +-- etag@1.7.0
23 silly idealTree +-- event-stream@3.3.4
23 silly idealTree +-- exit@0.1.2
23 silly idealTree +-- expand-brackets@2.1.4
23 silly idealTree | +-- define-property@0.2.5
23 silly idealTree | `-- extend-shallow@2.0.1
23 silly idealTree +-- expand-range@1.8.2
23 silly idealTree | +-- fill-range@2.2.4
23 silly idealTree | +-- is-number@2.1.0
23 silly idealTree | +-- isarray@1.0.0
23 silly idealTree | +-- isobject@2.1.0
23 silly idealTree | `-- kind-of@3.2.2
23 silly idealTree +-- expand-tilde@2.0.2
23 silly idealTree +-- express-session@1.11.3
23 silly idealTree | +-- debug@2.2.0
23 silly idealTree | +-- ms@0.7.1
23 silly idealTree | `-- uid-safe@2.0.0
23 silly idealTree +-- extend-shallow@3.0.2
23 silly idealTree | `-- is-extendable@1.0.1
23 silly idealTree +-- extend@3.0.1
23 silly idealTree +-- extglob@2.0.4
23 silly idealTree | +-- define-property@1.0.0
23 silly idealTree | +-- extend-shallow@2.0.1
23 silly idealTree | +-- is-accessor-descriptor@1.0.0
23 silly idealTree | +-- is-data-descriptor@1.0.0
23 silly idealTree | `-- is-descriptor@1.0.2
23 silly idealTree +-- extsprintf@1.3.0
23 silly idealTree +-- fancy-log@1.3.2
23 silly idealTree +-- fast-deep-equal@1.1.0
23 silly idealTree +-- fast-json-stable-stringify@2.0.0
23 silly idealTree +-- faye-websocket@0.10.0
23 silly idealTree +-- filename-regex@2.0.1
23 silly idealTree +-- fill-range@4.0.0
23 silly idealTree | `-- extend-shallow@2.0.1
23 silly idealTree +-- finalhandler@0.4.0
23 silly idealTree | +-- debug@2.2.0
23 silly idealTree | +-- escape-html@1.0.2
23 silly idealTree | `-- ms@0.7.1
23 silly idealTree +-- find-index@0.1.1
23 silly idealTree +-- find-up@1.1.2
23 silly idealTree +-- findup-sync@2.0.0
23 silly idealTree +-- fined@1.1.0
23 silly idealTree +-- first-chunk-stream@1.0.0
23 silly idealTree +-- flagged-respawn@1.0.0
23 silly idealTree +-- for-in@1.0.2
23 silly idealTree +-- for-own@1.0.0
23 silly idealTree +-- forever-agent@0.6.1
23 silly idealTree +-- form-data@2.3.2
23 silly idealTree +-- fragment-cache@0.2.1
23 silly idealTree +-- fresh@0.3.0
23 silly idealTree +-- from@0.1.7
23 silly idealTree +-- fs.realpath@1.0.0
23 silly idealTree +-- fstream@1.0.11
23 silly idealTree | `-- graceful-fs@4.1.11
23 silly idealTree +-- gauge@2.7.4
23 silly idealTree | `-- object-assign@4.1.1
23 silly idealTree +-- gaze@0.5.2
23 silly idealTree +-- get-caller-file@1.0.2
23 silly idealTree +-- get-stdin@4.0.1
23 silly idealTree +-- get-value@2.0.6
23 silly idealTree +-- getpass@0.1.7
23 silly idealTree +-- gift@0.6.1
23 silly idealTree +-- glob-base@0.3.0
23 silly idealTree | +-- glob-parent@2.0.0
23 silly idealTree | +-- is-extglob@1.0.0
23 silly idealTree | `-- is-glob@2.0.1
23 silly idealTree +-- glob-parent@3.1.0
23 silly idealTree +-- glob-stream@3.1.18
23 silly idealTree | +-- readable-stream@1.0.34
23 silly idealTree | `-- through2@0.6.5
23 silly idealTree +-- glob-watcher@0.0.6
23 silly idealTree +-- glob@4.5.3
23 silly idealTree +-- glob2base@0.0.12
23 silly idealTree +-- global-modules@1.0.0
23 silly idealTree +-- global-prefix@1.0.2
23 silly idealTree +-- globule@0.1.0
23 silly idealTree | +-- glob@3.1.21
23 silly idealTree | +-- graceful-fs@1.2.3
23 silly idealTree | +-- inherits@1.0.2
23 silly idealTree | `-- minimatch@0.2.14
23 silly idealTree +-- glogg@1.0.1
23 silly idealTree +-- graceful-fs@3.0.11
23 silly idealTree +-- graceful-readlink@1.0.1
23 silly idealTree +-- gulp-autoprefixer@3.1.1
23 silly idealTree +-- gulp-concat@2.6.1
23 silly idealTree | +-- clone-stats@1.0.0
23 silly idealTree | +-- clone@2.1.1
23 silly idealTree | +-- replace-ext@1.0.0
23 silly idealTree | `-- vinyl@2.1.0
23 silly idealTree +-- gulp-connect@2.3.1
23 silly idealTree +-- gulp-gh-pages@0.5.4
23 silly idealTree | +-- arr-diff@2.0.0
23 silly idealTree | +-- array-unique@0.2.1
23 silly idealTree | +-- braces@1.8.5
23 silly idealTree | +-- expand-brackets@0.1.5
23 silly idealTree | +-- extglob@0.3.2
23 silly idealTree | +-- glob-stream@5.3.5
23 silly idealTree | | +-- isarray@0.0.1
23 silly idealTree | | +-- readable-stream@1.0.34
23 silly idealTree | | +-- string_decoder@0.10.31
23 silly idealTree | | `-- through2@0.6.5
23 silly idealTree | +-- glob@5.0.15
23 silly idealTree | +-- graceful-fs@4.1.11
23 silly idealTree | +-- is-extglob@1.0.0
23 silly idealTree | +-- is-glob@2.0.1
23 silly idealTree | +-- isarray@1.0.0
23 silly idealTree | +-- kind-of@3.2.2
23 silly idealTree | +-- micromatch@2.3.11
23 silly idealTree | +-- object-assign@4.1.1
23 silly idealTree | +-- ordered-read-streams@0.3.0
23 silly idealTree | +-- readable-stream@2.3.6
23 silly idealTree | +-- string_decoder@1.1.1
23 silly idealTree | +-- strip-bom@2.0.0
23 silly idealTree | +-- unique-stream@2.2.1
23 silly idealTree | +-- vinyl-fs@2.4.4
23 silly idealTree | `-- vinyl@1.2.0
23 silly idealTree +-- gulp-jshint@1.12.0
23 silly idealTree | +-- lodash@3.10.1
23 silly idealTree | +-- readable-stream@1.0.34
23 silly idealTree | `-- through2@0.6.5
23 silly idealTree +-- gulp-minify-css@1.2.4
23 silly idealTree | +-- isarray@1.0.0
23 silly idealTree | +-- object-assign@4.1.1
23 silly idealTree | +-- readable-stream@2.3.6
23 silly idealTree | `-- string_decoder@1.1.1
23 silly idealTree +-- gulp-rename@1.2.2
23 silly idealTree +-- gulp-sass@2.3.2
23 silly idealTree +-- gulp-sourcemaps@1.6.0
23 silly idealTree | +-- graceful-fs@4.1.11
23 silly idealTree | +-- strip-bom@2.0.0
23 silly idealTree | `-- vinyl@1.2.0
23 silly idealTree +-- gulp-uglify@1.5.4
23 silly idealTree | +-- isarray@1.0.0
23 silly idealTree | `-- isobject@2.1.0
23 silly idealTree +-- gulp-util@3.0.8
23 silly idealTree +-- gulp@3.9.1
23 silly idealTree +-- gulplog@1.0.0
23 silly idealTree +-- har-schema@2.0.0
23 silly idealTree +-- har-validator@5.0.3
23 silly idealTree +-- has-ansi@2.0.0
23 silly idealTree +-- has-flag@1.0.0
23 silly idealTree +-- has-gulplog@0.1.0
23 silly idealTree +-- has-unicode@2.0.1
23 silly idealTree +-- has-value@1.0.0
23 silly idealTree +-- has-values@1.0.0
23 silly idealTree | `-- kind-of@4.0.0
23 silly idealTree +-- hawk@6.0.2
23 silly idealTree +-- hoek@4.2.1
23 silly idealTree +-- homedir-polyfill@1.0.1
23 silly idealTree +-- hosted-git-info@2.6.0
23 silly idealTree +-- htmlparser2@3.8.3
23 silly idealTree +-- http-errors@1.3.1
23 silly idealTree +-- http-parser-js@0.4.12
23 silly idealTree +-- http-signature@1.2.0
23 silly idealTree +-- iconv-lite@0.4.11
23 silly idealTree +-- in-publish@2.0.0
23 silly idealTree +-- indent-string@2.1.0
23 silly idealTree +-- inflight@1.0.6
23 silly idealTree +-- inherits@2.0.3
23 silly idealTree +-- ini@1.3.5
23 silly idealTree +-- interpret@1.1.0
23 silly idealTree +-- invert-kv@1.0.0
23 silly idealTree +-- is-absolute@1.0.0
23 silly idealTree +-- is-accessor-descriptor@0.1.6
23 silly idealTree | `-- kind-of@3.2.2
23 silly idealTree +-- is-arrayish@0.2.1
23 silly idealTree +-- is-buffer@1.1.6
23 silly idealTree +-- is-builtin-module@1.0.0
23 silly idealTree +-- is-data-descriptor@0.1.4
23 silly idealTree | `-- kind-of@3.2.2
23 silly idealTree +-- is-descriptor@0.1.6
23 silly idealTree | `-- kind-of@5.1.0
23 silly idealTree +-- is-dotfile@1.0.3
23 silly idealTree +-- is-equal-shallow@0.1.3
23 silly idealTree +-- is-extendable@0.1.1
23 silly idealTree +-- is-extglob@2.1.1
23 silly idealTree +-- is-finite@1.0.2
23 silly idealTree +-- is-fullwidth-code-point@1.0.0
23 silly idealTree +-- is-glob@3.1.0
23 silly idealTree +-- is-number@3.0.0
23 silly idealTree | `-- kind-of@3.2.2
23 silly idealTree +-- is-odd@2.0.0
23 silly idealTree | `-- is-number@4.0.0
23 silly idealTree +-- is-plain-object@2.0.4
23 silly idealTree +-- is-posix-bracket@0.1.1
23 silly idealTree +-- is-primitive@2.0.0
23 silly idealTree +-- is-relative@1.0.0
23 silly idealTree +-- is-stream@1.1.0
23 silly idealTree +-- is-typedarray@1.0.0
23 silly idealTree +-- is-unc-path@1.0.0
23 silly idealTree +-- is-utf8@0.2.1
23 silly idealTree +-- is-valid-glob@0.3.0
23 silly idealTree +-- is-windows@1.0.2
23 silly idealTree +-- isarray@0.0.1
23 silly idealTree +-- isexe@2.0.0
23 silly idealTree +-- isobject@3.0.1
23 silly idealTree +-- isstream@0.1.2
23 silly idealTree +-- js-base64@2.4.3
23 silly idealTree +-- jsbn@0.1.1
23 silly idealTree +-- jshint@2.9.5
23 silly idealTree | +-- lodash@3.7.0
23 silly idealTree | `-- minimatch@3.0.4
23 silly idealTree +-- json-schema-traverse@0.3.1
23 silly idealTree +-- json-schema@0.2.3
23 silly idealTree +-- json-stable-stringify@1.0.1
23 silly idealTree +-- json-stringify-safe@5.0.1
23 silly idealTree +-- jsonify@0.0.0
23 silly idealTree +-- jsprim@1.4.1
23 silly idealTree +-- kind-of@6.0.2
23 silly idealTree +-- lazy-cache@1.0.4
23 silly idealTree +-- lazystream@1.0.0
23 silly idealTree | +-- isarray@1.0.0
23 silly idealTree | +-- readable-stream@2.3.6
23 silly idealTree | `-- string_decoder@1.1.1
23 silly idealTree +-- lcid@1.0.0
23 silly idealTree +-- liftoff@2.5.0
23 silly idealTree +-- livereload-js@2.3.0
23 silly idealTree +-- load-json-file@1.1.0
23 silly idealTree | +-- graceful-fs@4.1.11
23 silly idealTree | `-- strip-bom@2.0.0
23 silly idealTree +-- lodash._basecopy@3.0.1
23 silly idealTree +-- lodash._basetostring@3.0.1
23 silly idealTree +-- lodash._basevalues@3.0.0
23 silly idealTree +-- lodash._getnative@3.9.1
23 silly idealTree +-- lodash._isiterateecall@3.0.9
23 silly idealTree +-- lodash._reescape@3.0.0
23 silly idealTree +-- lodash._reevaluate@3.0.0
23 silly idealTree +-- lodash._reinterpolate@3.0.0
23 silly idealTree +-- lodash._root@3.0.1
23 silly idealTree +-- lodash.assign@4.2.0
23 silly idealTree +-- lodash.clonedeep@4.5.0
23 silly idealTree +-- lodash.escape@3.2.0
23 silly idealTree +-- lodash.isarguments@3.1.0
23 silly idealTree +-- lodash.isarray@3.0.4
23 silly idealTree +-- lodash.isequal@4.5.0
23 silly idealTree +-- lodash.keys@3.1.2
23 silly idealTree +-- lodash.restparam@3.6.1
23 silly idealTree +-- lodash.template@3.6.2
23 silly idealTree +-- lodash.templatesettings@3.1.1
23 silly idealTree +-- lodash@1.0.2
23 silly idealTree +-- longest@1.0.1
23 silly idealTree +-- loud-rejection@1.6.0
23 silly idealTree +-- lru-cache@2.7.3
23 silly idealTree +-- make-iterator@1.0.1
23 silly idealTree +-- map-cache@0.2.2
23 silly idealTree +-- map-obj@1.0.1
23 silly idealTree +-- map-stream@0.1.0
23 silly idealTree +-- map-visit@1.0.0
23 silly idealTree +-- math-random@1.0.1
23 silly idealTree +-- media-typer@0.3.0
23 silly idealTree +-- meow@3.7.0
23 silly idealTree | `-- object-assign@4.1.1
23 silly idealTree +-- merge-stream@1.0.1
23 silly idealTree | +-- isarray@1.0.0
23 silly idealTree | +-- readable-stream@2.3.6
23 silly idealTree | `-- string_decoder@1.1.1
23 silly idealTree +-- method-override@2.3.10
23 silly idealTree | `-- vary@1.1.2
23 silly idealTree +-- methods@1.1.2
23 silly idealTree +-- micromatch@3.1.10
23 silly idealTree +-- mime-db@1.33.0
23 silly idealTree +-- mime-types@2.1.18
23 silly idealTree +-- mime@1.3.4
23 silly idealTree +-- minimatch@2.0.10
23 silly idealTree +-- minimist@1.2.0
23 silly idealTree +-- mixin-deep@1.3.1
23 silly idealTree | `-- is-extendable@1.0.1
23 silly idealTree +-- mkdirp@0.5.1
23 silly idealTree | `-- minimist@0.0.8
23 silly idealTree +-- morgan@1.6.1
23 silly idealTree | +-- debug@2.2.0
23 silly idealTree | `-- ms@0.7.1
23 silly idealTree +-- ms@2.0.0
23 silly idealTree +-- multiparty@3.3.2
23 silly idealTree +-- multipipe@0.1.2
23 silly idealTree +-- nan@2.10.0
23 silly idealTree +-- nanomatch@1.2.9
23 silly idealTree +-- natives@1.1.3
23 silly idealTree +-- negotiator@0.5.3
23 silly idealTree +-- node-gyp@3.6.2
23 silly idealTree | +-- glob@7.1.2
23 silly idealTree | +-- graceful-fs@4.1.11
23 silly idealTree | +-- minimatch@3.0.4
23 silly idealTree | `-- semver@5.3.0
23 silly idealTree +-- node-sass@3.13.1
23 silly idealTree | +-- gaze@1.1.2
23 silly idealTree | +-- glob@7.1.2
23 silly idealTree | +-- globule@1.2.0
23 silly idealTree | +-- lodash@4.17.10
23 silly idealTree | `-- minimatch@3.0.4
23 silly idealTree +-- nopt@3.0.6
23 silly idealTree +-- normalize-package-data@2.4.0
23 silly idealTree +-- normalize-path@2.1.1
23 silly idealTree +-- normalize-range@0.1.2
23 silly idealTree +-- npmlog@4.1.2
23 silly idealTree +-- num2fraction@1.2.2
23 silly idealTree +-- number-is-nan@1.0.1
23 silly idealTree +-- oauth-sign@0.8.2
23 silly idealTree +-- object-assign@3.0.0
23 silly idealTree +-- object-copy@0.1.0
23 silly idealTree | +-- define-property@0.2.5
23 silly idealTree | `-- kind-of@3.2.2
23 silly idealTree +-- object-visit@1.0.1
23 silly idealTree +-- object.defaults@1.1.0
23 silly idealTree +-- object.map@1.0.1
23 silly idealTree +-- object.omit@2.0.1
23 silly idealTree | `-- for-own@0.1.5
23 silly idealTree +-- object.pick@1.3.0
23 silly idealTree +-- on-finished@2.3.0
23 silly idealTree +-- on-headers@1.0.1
23 silly idealTree +-- once@1.3.3
23 silly idealTree +-- orchestrator@0.3.8
23 silly idealTree +-- ordered-read-streams@0.1.0
23 silly idealTree +-- os-homedir@1.0.2
23 silly idealTree +-- os-locale@1.4.0
23 silly idealTree +-- os-tmpdir@1.0.2
23 silly idealTree +-- osenv@0.1.5
23 silly idealTree +-- parse-filepath@1.0.2
23 silly idealTree +-- parse-glob@3.0.4
23 silly idealTree | +-- is-extglob@1.0.0
23 silly idealTree | `-- is-glob@2.0.1
23 silly idealTree +-- parse-json@2.2.0
23 silly idealTree +-- parse-passwd@1.0.0
23 silly idealTree +-- parseurl@1.3.2
23 silly idealTree +-- pascalcase@0.1.1
23 silly idealTree +-- path-dirname@1.0.2
23 silly idealTree +-- path-exists@2.1.0
23 silly idealTree +-- path-is-absolute@1.0.1
23 silly idealTree +-- path-parse@1.0.5
23 silly idealTree +-- path-root-regex@0.1.2
23 silly idealTree +-- path-root@0.1.1
23 silly idealTree +-- path-type@1.1.0
23 silly idealTree | `-- graceful-fs@4.1.11
23 silly idealTree +-- pause-stream@0.0.11
23 silly idealTree +-- pause@0.1.0
23 silly idealTree +-- performance-now@2.1.0
23 silly idealTree +-- pify@2.3.0
23 silly idealTree +-- pinkie-promise@2.0.1
23 silly idealTree +-- pinkie@2.0.4
23 silly idealTree +-- posix-character-classes@0.1.1
23 silly idealTree +-- postcss-value-parser@3.3.0
23 silly idealTree +-- postcss@5.2.18
23 silly idealTree | `-- supports-color@3.2.3
23 silly idealTree +-- preserve@0.2.0
23 silly idealTree +-- pretty-hrtime@1.0.3
23 silly idealTree +-- process-nextick-args@2.0.0
23 silly idealTree +-- pseudomap@1.0.2
23 silly idealTree +-- punycode@1.4.1
23 silly idealTree +-- qs@4.0.0
23 silly idealTree +-- random-bytes@1.0.0
23 silly idealTree +-- randomatic@3.0.0
23 silly idealTree | `-- is-number@4.0.0
23 silly idealTree +-- range-parser@1.0.3
23 silly idealTree +-- raw-body@2.1.7
23 silly idealTree | +-- bytes@2.4.0
23 silly idealTree | `-- iconv-lite@0.4.13
23 silly idealTree +-- rcfinder@0.1.9
23 silly idealTree +-- rcloader@0.1.2
23 silly idealTree | `-- lodash@2.4.2
23 silly idealTree +-- read-pkg-up@1.0.1
23 silly idealTree +-- read-pkg@1.1.0
23 silly idealTree +-- readable-stream@1.1.14
23 silly idealTree +-- rechoir@0.6.2
23 silly idealTree +-- redent@1.0.0
23 silly idealTree +-- regex-cache@0.4.4
23 silly idealTree +-- regex-not@1.0.2
23 silly idealTree +-- remove-trailing-separator@1.1.0
23 silly idealTree +-- repeat-element@1.1.2
23 silly idealTree +-- repeat-string@1.6.1
23 silly idealTree +-- repeating@2.0.1
23 silly idealTree +-- replace-ext@0.0.1
23 silly idealTree +-- request@2.85.0
23 silly idealTree | `-- qs@6.5.2
23 silly idealTree +-- require-directory@2.1.1
23 silly idealTree +-- require-main-filename@1.0.1
23 silly idealTree +-- resolve-dir@1.0.1
23 silly idealTree +-- resolve-url@0.2.1
23 silly idealTree +-- resolve@1.7.1
23 silly idealTree +-- response-time@2.3.2
23 silly idealTree | `-- depd@1.1.2
23 silly idealTree +-- ret@0.1.15
23 silly idealTree +-- right-align@0.1.3
23 silly idealTree +-- rimraf@2.6.2
23 silly idealTree | +-- glob@7.1.2
23 silly idealTree | `-- minimatch@3.0.4
23 silly idealTree +-- rndm@1.2.0
23 silly idealTree +-- safe-buffer@5.1.2
23 silly idealTree +-- safe-regex@1.1.0
23 silly idealTree +-- sass-graph@2.2.4
23 silly idealTree | +-- glob@7.1.2
23 silly idealTree | +-- lodash@4.17.10
23 silly idealTree | `-- minimatch@3.0.4
23 silly idealTree +-- scss-tokenizer@0.2.3
23 silly idealTree | `-- source-map@0.4.4
23 silly idealTree +-- semver@4.3.6
23 silly idealTree +-- send@0.13.2
23 silly idealTree | +-- debug@2.2.0
23 silly idealTree | +-- depd@1.1.2
23 silly idealTree | +-- ms@0.7.1
23 silly idealTree | `-- statuses@1.2.1
23 silly idealTree +-- sequencify@0.0.7
23 silly idealTree +-- serve-favicon@2.3.2
23 silly idealTree | `-- ms@0.7.2
23 silly idealTree +-- serve-index@1.7.3
23 silly idealTree | +-- debug@2.2.0
23 silly idealTree | `-- ms@0.7.1
23 silly idealTree +-- serve-static@1.10.3
23 silly idealTree +-- set-blocking@2.0.0
23 silly idealTree +-- set-value@2.0.0
23 silly idealTree | `-- extend-shallow@2.0.1
23 silly idealTree +-- shelljs@0.3.0
23 silly idealTree +-- sigmund@1.0.1
23 silly idealTree +-- signal-exit@3.0.2
23 silly idealTree +-- snapdragon-node@2.1.1
23 silly idealTree | +-- define-property@1.0.0
23 silly idealTree | +-- is-accessor-descriptor@1.0.0
23 silly idealTree | +-- is-data-descriptor@1.0.0
23 silly idealTree | `-- is-descriptor@1.0.2
23 silly idealTree +-- snapdragon-util@3.0.1
23 silly idealTree | `-- kind-of@3.2.2
23 silly idealTree +-- snapdragon@0.8.2
23 silly idealTree | +-- define-property@0.2.5
23 silly idealTree | `-- extend-shallow@2.0.1
23 silly idealTree +-- sntp@2.1.0
23 silly idealTree +-- source-map-resolve@0.5.2
23 silly idealTree +-- source-map-url@0.4.0
23 silly idealTree +-- source-map@0.5.7
23 silly idealTree +-- sparkles@1.0.0
23 silly idealTree +-- spdx-correct@3.0.0
23 silly idealTree +-- spdx-exceptions@2.1.0
23 silly idealTree +-- spdx-expression-parse@3.0.0
23 silly idealTree +-- spdx-license-ids@3.0.0
23 silly idealTree +-- split-string@3.1.0
23 silly idealTree +-- split@0.3.3
23 silly idealTree +-- sshpk@1.14.1
23 silly idealTree +-- static-extend@0.1.2
23 silly idealTree | `-- define-property@0.2.5
23 silly idealTree +-- statuses@1.5.0
23 silly idealTree +-- stream-combiner@0.0.4
23 silly idealTree +-- stream-consume@0.1.1
23 silly idealTree +-- stream-counter@0.2.0
23 silly idealTree +-- stream-shift@1.0.0
23 silly idealTree +-- string_decoder@0.10.31
23 silly idealTree +-- string-width@1.0.2
23 silly idealTree +-- stringstream@0.0.5
23 silly idealTree +-- strip-ansi@3.0.1
23 silly idealTree +-- strip-bom-stream@1.0.0
23 silly idealTree | `-- strip-bom@2.0.0
23 silly idealTree +-- strip-bom@1.0.0
23 silly idealTree +-- strip-indent@1.0.1
23 silly idealTree +-- strip-json-comments@1.0.4
23 silly idealTree +-- supports-color@2.0.0
23 silly idealTree +-- tar@2.2.1
23 silly idealTree +-- through@2.3.8
23 silly idealTree +-- through2-filter@2.0.0
23 silly idealTree +-- through2@2.0.3
23 silly idealTree | +-- isarray@1.0.0
23 silly idealTree | +-- readable-stream@2.3.6
23 silly idealTree | `-- string_decoder@1.1.1
23 silly idealTree +-- tildify@1.2.0
23 silly idealTree +-- time-stamp@1.1.0
23 silly idealTree +-- tiny-lr@0.2.1
23 silly idealTree | +-- body-parser@1.14.2
23 silly idealTree | | `-- qs@5.2.0
23 silly idealTree | +-- bytes@2.2.0
23 silly idealTree | +-- debug@2.2.0
23 silly idealTree | +-- depd@1.1.2
23 silly idealTree | +-- iconv-lite@0.4.13
23 silly idealTree | +-- ms@0.7.1
23 silly idealTree | `-- qs@5.1.0
23 silly idealTree +-- to-absolute-glob@0.1.1
23 silly idealTree | `-- extend-shallow@2.0.1
23 silly idealTree +-- to-object-path@0.3.0
23 silly idealTree | `-- kind-of@3.2.2
23 silly idealTree +-- to-regex-range@2.1.1
23 silly idealTree +-- to-regex@3.0.2
23 silly idealTree +-- tough-cookie@2.3.4
23 silly idealTree +-- trim-newlines@1.0.0
23 silly idealTree +-- tsscmp@1.0.5
23 silly idealTree +-- tunnel-agent@0.6.0
23 silly idealTree +-- tweetnacl@0.14.5
23 silly idealTree +-- type-is@1.6.16
23 silly idealTree +-- uglify-js@2.6.4
23 silly idealTree | +-- camelcase@1.2.1
23 silly idealTree | +-- cliui@2.1.0
23 silly idealTree | `-- yargs@3.10.0
23 silly idealTree +-- uglify-save-license@0.4.1
23 silly idealTree +-- uglify-to-browserify@1.0.2
23 silly idealTree +-- uid-safe@2.1.4
23 silly idealTree +-- unc-path-regex@0.1.2
23 silly idealTree +-- underscore@1.9.0
23 silly idealTree +-- union-value@1.0.0
23 silly idealTree | +-- extend-shallow@2.0.1
23 silly idealTree | `-- set-value@0.4.3
23 silly idealTree +-- unique-stream@1.0.0
23 silly idealTree +-- unpipe@1.0.0
23 silly idealTree +-- unset-value@1.0.0
23 silly idealTree | +-- has-value@0.3.1
23 silly idealTree | | `-- isobject@2.1.0
23 silly idealTree | +-- has-values@0.1.4
23 silly idealTree | `-- isarray@1.0.0
23 silly idealTree +-- urix@0.1.0
23 silly idealTree +-- use@3.1.0
23 silly idealTree +-- user-home@1.1.1
23 silly idealTree +-- util-deprecate@1.0.2
23 silly idealTree +-- utils-merge@1.0.0
23 silly idealTree +-- uuid@3.2.1
23 silly idealTree +-- v8flags@2.1.1
23 silly idealTree +-- vali-date@1.0.0
23 silly idealTree +-- validate-npm-package-license@3.0.3
23 silly idealTree +-- vary@1.0.1
23 silly idealTree +-- verror@1.10.0
23 silly idealTree +-- vhost@3.0.2
23 silly idealTree +-- vinyl-bufferstream@1.0.1
23 silly idealTree +-- vinyl-fs@0.3.14
23 silly idealTree | +-- clone@0.2.0
23 silly idealTree | +-- readable-stream@1.0.34
23 silly idealTree | +-- through2@0.6.5
23 silly idealTree | `-- vinyl@0.4.6
23 silly idealTree +-- vinyl-sourcemaps-apply@0.2.1
23 silly idealTree +-- vinyl@0.5.3
23 silly idealTree +-- websocket-driver@0.7.0
23 silly idealTree +-- websocket-extensions@0.1.3
23 silly idealTree +-- which-module@1.0.0
23 silly idealTree +-- which@1.3.0
23 silly idealTree +-- wide-align@1.1.2
23 silly idealTree +-- window-size@0.1.0
23 silly idealTree +-- wordwrap@0.0.2
23 silly idealTree +-- wrap-ansi@2.1.0
23 silly idealTree +-- wrap-promise@1.0.1
23 silly idealTree +-- wrappy@1.0.2
23 silly idealTree +-- xtend@4.0.1
23 silly idealTree +-- y18n@3.2.1
23 silly idealTree +-- yallist@2.1.2
23 silly idealTree +-- yargs-parser@5.0.0
23 silly idealTree | `-- camelcase@3.0.0
23 silly idealTree `-- yargs@7.1.0
23 silly idealTree   `-- camelcase@3.0.0
24 silly generateActionsToTake Starting
25 silly install generateActionsToTake
26 silly generateActionsToTake Finishing
27 silly diffTrees action count 0
28 silly decomposeActions action count 0
29 silly executeActions Starting
30 silly install executeActions
31 silly doSerial global-install 0
32 silly doParallel fetch 0
33 verbose lock using /home/nikhil741/.npm/_locks/staging-353ed50ec15c79c6.lock for /home/nikhil741/Template_Website/portfolio-master/node_modules/.staging
34 silly doParallel extract 0
35 silly doParallel preinstall 0
36 silly doReverseSerial remove 0
37 silly doSerial move 0
38 silly doSerial finalize 0
39 silly doSerial build 0
40 silly doSerial global-link 0
41 silly doParallel update-linked 0
42 silly doSerial install 0
43 silly doSerial postinstall 0
44 verbose unlock done using /home/nikhil741/.npm/_locks/staging-353ed50ec15c79c6.lock for /home/nikhil741/Template_Website/portfolio-master/node_modules/.staging
45 silly executeActions Finishing
46 silly rollbackFailedOptional Starting
47 silly rollbackFailedOptional Finishing
48 silly runTopLevelLifecycles Starting
49 silly install runTopLevelLifecycles
50 silly preinstall portfolio@1.0.2 /home/nikhil741/Template_Website/portfolio-master/portfolio-8de7d06e
51 info lifecycle portfolio@1.0.2~preinstall: portfolio@1.0.2
52 silly lifecycle portfolio@1.0.2~preinstall: no script for preinstall, continuing
53 silly build portfolio@1.0.2
54 info linkStuff portfolio@1.0.2
55 silly linkStuff portfolio@1.0.2 has /home/nikhil741/Template_Website as its parent node_modules
56 verbose linkBins portfolio@1.0.2
57 verbose linkMans portfolio@1.0.2
58 silly install portfolio@1.0.2 /home/nikhil741/Template_Website/portfolio-master/portfolio-8de7d06e
59 info lifecycle portfolio@1.0.2~install: portfolio@1.0.2
60 silly lifecycle portfolio@1.0.2~install: no script for install, continuing
61 silly postinstall portfolio@1.0.2 /home/nikhil741/Template_Website/portfolio-master/portfolio-8de7d06e
62 info lifecycle portfolio@1.0.2~postinstall: portfolio@1.0.2
63 verbose lifecycle portfolio@1.0.2~postinstall: unsafe-perm in lifecycle true
64 verbose lifecycle portfolio@1.0.2~postinstall: PATH: /usr/share/npm/bin/node-gyp-bin:/home/nikhil741/Template_Website/portfolio-master/node_modules/.bin:/usr/local/sbin:/usr/local/bin:/usr/sbin:/usr/bin:/sbin:/bin:/usr/games:/usr/local/games:/snap/bin
65 verbose lifecycle portfolio@1.0.2~postinstall: CWD: /home/nikhil741/Template_Website/portfolio-master
66 silly lifecycle portfolio@1.0.2~postinstall: Args: [ '-c', 'bower install' ]
67 silly lifecycle portfolio@1.0.2~postinstall: Returned: code: 1  signal: null
68 info lifecycle portfolio@1.0.2~postinstall: Failed to exec postinstall script
69 verbose stack Error: portfolio@1.0.2 postinstall: `bower install`
69 verbose stack Exit status 1
69 verbose stack     at EventEmitter.<anonymous> (/usr/share/npm/lib/utils/lifecycle.js:232:16)
69 verbose stack     at emitTwo (events.js:126:13)
69 verbose stack     at EventEmitter.emit (events.js:214:7)
69 verbose stack     at ChildProcess.<anonymous> (/usr/share/npm/lib/utils/spawn.js:24:14)
69 verbose stack     at emitTwo (events.js:126:13)
69 verbose stack     at ChildProcess.emit (events.js:214:7)
69 verbose stack     at maybeClose (internal/child_process.js:925:16)
69 verbose stack     at Process.ChildProcess._handle.onexit (internal/child_process.js:209:5)
70 verbose pkgid portfolio@1.0.2
71 verbose cwd /home/nikhil741/Template_Website/portfolio-master
72 error Linux 4.15.0-20-generic
73 error argv "/usr/bin/node" "/usr/bin/npm" "install"
74 error node v8.10.0
75 error npm  v3.5.2
76 error code ELIFECYCLE
77 error portfolio@1.0.2 postinstall: `bower install`
77 error Exit status 1
78 error Failed at the portfolio@1.0.2 postinstall script 'bower install'.
78 error Make sure you have the latest version of node.js and npm installed.
78 error If you do, this is most likely a problem with the portfolio package,
78 error not with npm itself.
78 error Tell the author that this fails on your system:
78 error     bower install
78 error You can get information on how to open an issue for this project with:
78 error     npm bugs portfolio
78 error Or if that isn't available, you can get their info via:
78 error     npm owner ls portfolio
78 error There is likely additional logging output above.
79 verbose exit [ 1, true ]
